#
# There is insufficient memory for the Java Runtime Environment to continue.
# Native memory allocation (malloc) failed to allocate 32744 bytes for ChunkPool::allocate
# Possible reasons:
#   The system is out of physical RAM or swap space
#   The process is running with CompressedOops enabled, and the Java Heap may be blocking the growth of the native heap
# Possible solutions:
#   Reduce memory load on the system
#   Increase physical memory or swap space
#   Check if swap backing store is full
#   Decrease Java heap size (-Xmx/-Xms)
#   Decrease number of Java threads
#   Decrease Java thread stack sizes (-Xss)
#   Set larger code cache with -XX:ReservedCodeCacheSize=
#   JVM is running with Unscaled Compressed Oops mode in which the Java heap is
#     placed in the first 4GB address space. The Java Heap base address is the
#     maximum limit for the native heap growth. Please use -XX:HeapBaseMinAddress
#     to set the Java Heap base and to place the Java Heap above 4GB virtual address.
# This output file may be truncated or incomplete.
#
#  Out of Memory Error (allocation.cpp:272), pid=11228, tid=0x0000000000002794
#
# JRE version: Java(TM) SE Runtime Environment (8.0_231-b11) (build 1.8.0_231-b11)
# Java VM: Java HotSpot(TM) 64-Bit Server VM (25.231-b11 mixed mode windows-amd64 compressed oops)
# Failed to write core dump. Minidumps are not enabled by default on client versions of Windows
#

---------------  T H R E A D  ---------------

Current thread (0x000000001af23800):  JavaThread "Daemon worker" [_thread_in_vm, id=10132, stack(0x000000001d580000,0x000000001d680000)]

Stack: [0x000000001d580000,0x000000001d680000]
[error occurred during error reporting (printing stack bounds), id 0xc0000005]

Native frames: (J=compiled Java code, j=interpreted, Vv=VM code, C=native code)

Java frames: (J=compiled Java code, j=interpreted, Vv=VM code)
J 522  java.lang.Throwable.fillInStackTrace(I)Ljava/lang/Throwable; (0 bytes) @ 0x00000000034058fb [0x00000000034058c0+0x3b]
J 1808 C2 java.lang.ReflectiveOperationException.<init>(Ljava/lang/String;Ljava/lang/Throwable;)V (7 bytes) @ 0x000000000380e2a0 [0x000000000380e1e0+0xc0]
J 1497 C2 java.net.URLClassLoader.findClass(Ljava/lang/String;)Ljava/lang/Class; (47 bytes) @ 0x00000000036feaac [0x00000000036fe9a0+0x10c]
J 3622 C2 java.lang.ClassLoader.loadClass(Ljava/lang/String;Z)Ljava/lang/Class; (122 bytes) @ 0x0000000003d4b4a0 [0x0000000003d4b100+0x3a0]
J 3622 C2 java.lang.ClassLoader.loadClass(Ljava/lang/String;Z)Ljava/lang/Class; (122 bytes) @ 0x0000000003d4b3f8 [0x0000000003d4b100+0x2f8]
J 3622 C2 java.lang.ClassLoader.loadClass(Ljava/lang/String;Z)Ljava/lang/Class; (122 bytes) @ 0x0000000003d4b3f8 [0x0000000003d4b100+0x2f8]
J 3622 C2 java.lang.ClassLoader.loadClass(Ljava/lang/String;Z)Ljava/lang/Class; (122 bytes) @ 0x0000000003d4b3f8 [0x0000000003d4b100+0x2f8]
J 3622 C2 java.lang.ClassLoader.loadClass(Ljava/lang/String;Z)Ljava/lang/Class; (122 bytes) @ 0x0000000003d4b3f8 [0x0000000003d4b100+0x2f8]
J 3789 C1 org.gradle.internal.classloader.FilteringClassLoader.loadClass(Ljava/lang/String;Z)Ljava/lang/Class; (62 bytes) @ 0x0000000003db6f1c [0x0000000003db6c80+0x29c]
J 3622 C2 java.lang.ClassLoader.loadClass(Ljava/lang/String;Z)Ljava/lang/Class; (122 bytes) @ 0x0000000003d4b3f8 [0x0000000003d4b100+0x2f8]
J 3775 C1 org.gradle.internal.classloader.CachingClassLoader.loadClass(Ljava/lang/String;Z)Ljava/lang/Class; (85 bytes) @ 0x0000000003da2ed4 [0x0000000003da2c20+0x2b4]
J 3622 C2 java.lang.ClassLoader.loadClass(Ljava/lang/String;Z)Ljava/lang/Class; (122 bytes) @ 0x0000000003d4b3f8 [0x0000000003d4b100+0x2f8]
J 2266 C2 java.lang.ClassLoader.loadClass(Ljava/lang/String;)Ljava/lang/Class; (7 bytes) @ 0x0000000003973c40 [0x0000000003973c00+0x40]
v  ~StubRoutines::call_stub
J 1395  java.lang.Class.forName0(Ljava/lang/String;ZLjava/lang/ClassLoader;Ljava/lang/Class;)Ljava/lang/Class; (0 bytes) @ 0x00000000036b3f47 [0x00000000036b3ec0+0x87]
J 1593 C1 java.lang.Class.forName(Ljava/lang/String;ZLjava/lang/ClassLoader;)Ljava/lang/Class; (53 bytes) @ 0x0000000003747044 [0x0000000003746b40+0x504]
j  com.sun.beans.finder.ClassFinder.findClass(Ljava/lang/String;)Ljava/lang/Class;+26
j  com.sun.beans.finder.ClassFinder.findClass(Ljava/lang/String;Ljava/lang/ClassLoader;)Ljava/lang/Class;+21
j  com.sun.beans.finder.InstanceFinder.instantiate(Ljava/lang/Class;Ljava/lang/String;)Ljava/lang/Object;+13
j  com.sun.beans.finder.InstanceFinder.find(Ljava/lang/Class;)Ljava/lang/Object;+34
j  java.beans.Introspector.findExplicitBeanInfo(Ljava/lang/Class;)Ljava/beans/BeanInfo;+7
j  java.beans.Introspector.<init>(Ljava/lang/Class;Ljava/lang/Class;I)V+121
j  java.beans.Introspector.getBeanInfo(Ljava/lang/Class;)Ljava/beans/BeanInfo;+60
j  groovy.lang.MetaClassImpl$15.run()Ljava/lang/Object;+7
v  ~StubRoutines::call_stub
j  java.security.AccessController.doPrivileged(Ljava/security/PrivilegedExceptionAction;)Ljava/lang/Object;+0
j  groovy.lang.MetaClassImpl.addProperties()V+36
j  groovy.lang.MetaClassImpl.initialize()V+12
j  org.codehaus.groovy.reflection.ClassInfo.getMetaClassUnderLock()Lgroovy/lang/MetaClass;+54
j  org.codehaus.groovy.reflection.ClassInfo.getMetaClass()Lgroovy/lang/MetaClass;+16
j  org.codehaus.groovy.runtime.metaclass.MetaClassRegistryImpl.getMetaClass(Ljava/lang/Class;)Lgroovy/lang/MetaClass;+4
j  org.gradle.api.internal.FactoryNamedDomainObjectContainer_Decorated.getMetaClass()Lgroovy/lang/MetaClass;+16
j  org.gradle.internal.metaobject.BeanDynamicObject.getMetaClass()Lgroovy/lang/MetaClass;+17
j  org.gradle.internal.metaobject.BeanDynamicObject.access$400(Lorg/gradle/internal/metaobject/BeanDynamicObject;)Lgroovy/lang/MetaClass;+1
j  org.gradle.internal.metaobject.BeanDynamicObject$MetaClassAdapter.invokeMethod(Ljava/lang/String;[Ljava/lang/Object;)Lorg/gradle/internal/metaobject/DynamicInvokeResult;+4
j  org.gradle.internal.metaobject.BeanDynamicObject.tryInvokeMethod(Ljava/lang/String;[Ljava/lang/Object;)Lorg/gradle/internal/metaobject/DynamicInvokeResult;+6
j  org.gradle.internal.metaobject.CompositeDynamicObject.tryInvokeMethod(Ljava/lang/String;[Ljava/lang/Object;)Lorg/gradle/internal/metaobject/DynamicInvokeResult;+29
j  org.gradle.internal.extensibility.MixInClosurePropertiesAsMethodsDynamicObject.tryInvokeMethod(Ljava/lang/String;[Ljava/lang/Object;)Lorg/gradle/internal/metaobject/DynamicInvokeResult;+3
j  org.gradle.internal.metaobject.ConfigureDelegate.invokeMethod(Ljava/lang/String;Ljava/lang/Object;)Ljava/lang/Object;+22
j  org.codehaus.groovy.runtime.metaclass.ClosureMetaClass.invokeOnDelegationObjects(ZLjava/lang/Object;ZLjava/lang/Object;Ljava/lang/String;[Ljava/lang/Object;)Ljava/lang/Object;+19
j  org.codehaus.groovy.runtime.metaclass.ClosureMetaClass.invokeMethod(Ljava/lang/Class;Ljava/lang/Object;Ljava/lang/String;[Ljava/lang/Object;ZZ)Ljava/lang/Object;+711
j  org.codehaus.groovy.runtime.callsite.PogoMetaClassSite.callCurrent(Lgroovy/lang/GroovyObject;[Ljava/lang/Object;)Ljava/lang/Object;+27
j  org.codehaus.groovy.runtime.callsite.CallSiteArray.defaultCallCurrent(Lorg/codehaus/groovy/runtime/callsite/CallSite;Lgroovy/lang/GroovyObject;[Ljava/lang/Object;)Ljava/lang/Object;+17
j  org.codehaus.groovy.runtime.callsite.AbstractCallSite.callCurrent(Lgroovy/lang/GroovyObject;[Ljava/lang/Object;)Ljava/lang/Object;+3
j  org.codehaus.groovy.runtime.callsite.AbstractCallSite.callCurrent(Lgroovy/lang/GroovyObject;Ljava/lang/Object;)Ljava/lang/Object;+33
j  build_bn5e5oj66y9eaqk97h350q5yx$_run_closure1$_closure4.doCall(Ljava/lang/Object;)Ljava/lang/Object;+21
v  ~StubRoutines::call_stub
J 1799  sun.reflect.NativeMethodAccessorImpl.invoke0(Ljava/lang/reflect/Method;Ljava/lang/Object;[Ljava/lang/Object;)Ljava/lang/Object; (0 bytes) @ 0x0000000003811c7f [0x0000000003811c00+0x7f]
J 1798 C1 sun.reflect.NativeMethodAccessorImpl.invoke(Ljava/lang/Object;[Ljava/lang/Object;)Ljava/lang/Object; (104 bytes) @ 0x0000000003813ee4 [0x0000000003812d40+0x11a4]
J 1254 C1 sun.reflect.DelegatingMethodAccessorImpl.invoke(Ljava/lang/Object;[Ljava/lang/Object;)Ljava/lang/Object; (10 bytes) @ 0x000000000365fe04 [0x000000000365fd00+0x104]
J 1253 C1 java.lang.reflect.Method.invoke(Ljava/lang/Object;[Ljava/lang/Object;)Ljava/lang/Object; (62 bytes) @ 0x000000000365f82c [0x000000000365f440+0x3ec]
j  org.codehaus.groovy.reflection.CachedMethod.invoke(Ljava/lang/Object;[Ljava/lang/Object;)Ljava/lang/Object;+26
j  groovy.lang.MetaMethod.doMethodInvoke(Ljava/lang/Object;[Ljava/lang/Object;)Ljava/lang/Object;+9
j  org.codehaus.groovy.runtime.metaclass.ClosureMetaClass.invokeMethod(Ljava/lang/Class;Ljava/lang/Object;Ljava/lang/String;[Ljava/lang/Object;ZZ)Ljava/lang/Object;+225
j  groovy.lang.MetaClassImpl.invokeMethod(Ljava/lang/Object;Ljava/lang/String;[Ljava/lang/Object;)Ljava/lang/Object;+10
j  groovy.lang.Closure.call([Ljava/lang/Object;)Ljava/lang/Object;+8
j  groovy.lang.Closure.call(Ljava/lang/Object;)Ljava/lang/Object;+9
j  org.gradle.util.ClosureBackedAction.execute(Ljava/lang/Object;)V+80
j  org.gradle.util.ConfigureUtil.configureTarget(Lgroovy/lang/Closure;Ljava/lang/Object;Lorg/gradle/internal/metaobject/ConfigureDelegate;)V+44
j  org.gradle.util.ConfigureUtil.configureSelf(Lgroovy/lang/Closure;Ljava/lang/Object;Lorg/gradle/internal/metaobject/ConfigureDelegate;)Ljava/lang/Object;+9
j  org.gradle.api.internal.AbstractNamedDomainObjectContainer.configure(Lgroovy/lang/Closure;)Lorg/gradle/api/internal/AbstractNamedDomainObjectContainer;+9
j  org.gradle.api.internal.AbstractNamedDomainObjectContainer.configure(Lgroovy/lang/Closure;)Ljava/lang/Object;+2
j  org.gradle.util.ConfigureUtil.configure(Lgroovy/lang/Closure;Ljava/lang/Object;)Ljava/lang/Object;+18
j  org.gradle.util.ConfigureUtil$WrappedConfigureAction.execute(Ljava/lang/Object;)V+5
j  com.android.build.gradle.internal.dsl.CommonExtensionImpl.buildTypes(Lorg/gradle/api/Action;)V+11
j  com.android.build.gradle.internal.dsl.BaseAppModuleExtension.buildTypes(Lorg/gradle/api/Action;)V+11
j  com.android.build.gradle.internal.dsl.BaseAppModuleExtension_Decorated.buildTypes(Lgroovy/lang/Closure;)V+5
v  ~StubRoutines::call_stub
J 1799  sun.reflect.NativeMethodAccessorImpl.invoke0(Ljava/lang/reflect/Method;Ljava/lang/Object;[Ljava/lang/Object;)Ljava/lang/Object; (0 bytes) @ 0x0000000003811c7f [0x0000000003811c00+0x7f]
J 1798 C1 sun.reflect.NativeMethodAccessorImpl.invoke(Ljava/lang/Object;[Ljava/lang/Object;)Ljava/lang/Object; (104 bytes) @ 0x0000000003813ee4 [0x0000000003812d40+0x11a4]
J 1254 C1 sun.reflect.DelegatingMethodAccessorImpl.invoke(Ljava/lang/Object;[Ljava/lang/Object;)Ljava/lang/Object; (10 bytes) @ 0x000000000365fe04 [0x000000000365fd00+0x104]
J 1253 C1 java.lang.reflect.Method.invoke(Ljava/lang/Object;[Ljava/lang/Object;)Ljava/lang/Object; (62 bytes) @ 0x000000000365f82c [0x000000000365f440+0x3ec]
j  org.codehaus.groovy.reflection.CachedMethod.invoke(Ljava/lang/Object;[Ljava/lang/Object;)Ljava/lang/Object;+26
j  groovy.lang.MetaMethod.doMethodInvoke(Ljava/lang/Object;[Ljava/lang/Object;)Ljava/lang/Object;+9
j  org.gradle.internal.metaobject.BeanDynamicObject$MetaClassAdapter.invokeMethod(Ljava/lang/String;[Ljava/lang/Object;)Lorg/gradle/internal/metaobject/DynamicInvokeResult;+36
j  org.gradle.internal.metaobject.BeanDynamicObject.tryInvokeMethod(Ljava/lang/String;[Ljava/lang/Object;)Lorg/gradle/internal/metaobject/DynamicInvokeResult;+6
j  org.gradle.internal.metaobject.CompositeDynamicObject.tryInvokeMethod(Ljava/lang/String;[Ljava/lang/Object;)Lorg/gradle/internal/metaobject/DynamicInvokeResult;+29
j  org.gradle.internal.extensibility.MixInClosurePropertiesAsMethodsDynamicObject.tryInvokeMethod(Ljava/lang/String;[Ljava/lang/Object;)Lorg/gradle/internal/metaobject/DynamicInvokeResult;+3
j  org.gradle.internal.metaobject.ConfigureDelegate.invokeMethod(Ljava/lang/String;Ljava/lang/Object;)Ljava/lang/Object;+22
j  org.codehaus.groovy.runtime.metaclass.ClosureMetaClass.invokeOnDelegationObjects(ZLjava/lang/Object;ZLjava/lang/Object;Ljava/lang/String;[Ljava/lang/Object;)Ljava/lang/Object;+19
j  org.codehaus.groovy.runtime.metaclass.ClosureMetaClass.invokeMethod(Ljava/lang/Class;Ljava/lang/Object;Ljava/lang/String;[Ljava/lang/Object;ZZ)Ljava/lang/Object;+711
j  org.codehaus.groovy.runtime.callsite.PogoMetaClassSite.callCurrent(Lgroovy/lang/GroovyObject;[Ljava/lang/Object;)Ljava/lang/Object;+27
j  org.codehaus.groovy.runtime.callsite.CallSiteArray.defaultCallCurrent(Lorg/codehaus/groovy/runtime/callsite/CallSite;Lgroovy/lang/GroovyObject;[Ljava/lang/Object;)Ljava/lang/Object;+17
j  org.codehaus.groovy.runtime.callsite.AbstractCallSite.callCurrent(Lgroovy/lang/GroovyObject;[Ljava/lang/Object;)Ljava/lang/Object;+3
j  org.codehaus.groovy.runtime.callsite.AbstractCallSite.callCurrent(Lgroovy/lang/GroovyObject;Ljava/lang/Object;)Ljava/lang/Object;+33
j  build_bn5e5oj66y9eaqk97h350q5yx$_run_closure1.doCall(Ljava/lang/Object;)Ljava/lang/Object;+73
v  ~StubRoutines::call_stub
J 1799  sun.reflect.NativeMethodAccessorImpl.invoke0(Ljava/lang/reflect/Method;Ljava/lang/Object;[Ljava/lang/Object;)Ljava/lang/Object; (0 bytes) @ 0x0000000003811c7f [0x0000000003811c00+0x7f]
J 1798 C1 sun.reflect.NativeMethodAccessorImpl.invoke(Ljava/lang/Object;[Ljava/lang/Object;)Ljava/lang/Object; (104 bytes) @ 0x0000000003813ee4 [0x0000000003812d40+0x11a4]
J 1254 C1 sun.reflect.DelegatingMethodAccessorImpl.invoke(Ljava/lang/Object;[Ljava/lang/Object;)Ljava/lang/Object; (10 bytes) @ 0x000000000365fe04 [0x000000000365fd00+0x104]
J 1253 C1 java.lang.reflect.Method.invoke(Ljava/lang/Object;[Ljava/lang/Object;)Ljava/lang/Object; (62 bytes) @ 0x000000000365f82c [0x000000000365f440+0x3ec]
j  org.codehaus.groovy.reflection.CachedMethod.invoke(Ljava/lang/Object;[Ljava/lang/Object;)Ljava/lang/Object;+26
j  groovy.lang.MetaMethod.doMethodInvoke(Ljava/lang/Object;[Ljava/lang/Object;)Ljava/lang/Object;+9
j  org.codehaus.groovy.runtime.metaclass.ClosureMetaClass.invokeMethod(Ljava/lang/Class;Ljava/lang/Object;Ljava/lang/String;[Ljava/lang/Object;ZZ)Ljava/lang/Object;+225
j  groovy.lang.MetaClassImpl.invokeMethod(Ljava/lang/Object;Ljava/lang/String;[Ljava/lang/Object;)Ljava/lang/Object;+10
j  groovy.lang.Closure.call([Ljava/lang/Object;)Ljava/lang/Object;+8
j  groovy.lang.Closure.call(Ljava/lang/Object;)Ljava/lang/Object;+9
j  org.gradle.util.ClosureBackedAction.execute(Ljava/lang/Object;)V+80
j  org.gradle.util.ConfigureUtil.configureTarget(Lgroovy/lang/Closure;Ljava/lang/Object;Lorg/gradle/internal/metaobject/ConfigureDelegate;)V+44
j  org.gradle.util.ConfigureUtil.configure(Lgroovy/lang/Closure;Ljava/lang/Object;)Ljava/lang/Object;+38
j  org.gradle.util.ConfigureUtil$WrappedConfigureAction.execute(Ljava/lang/Object;)V+5
j  org.gradle.internal.extensibility.ExtensionsStorage$ExtensionHolder.configure(Lorg/gradle/api/Action;)Ljava/lang/Object;+5
j  org.gradle.internal.extensibility.ExtensionsStorage.configureExtension(Ljava/lang/String;Lorg/gradle/api/Action;)Ljava/lang/Object;+23
j  org.gradle.internal.extensibility.DefaultConvention.configureExtension(Ljava/lang/String;[Ljava/lang/Object;)Ljava/lang/Object;+20
j  org.gradle.internal.extensibility.DefaultConvention.access$500(Lorg/gradle/internal/extensibility/DefaultConvention;Ljava/lang/String;[Ljava/lang/Object;)Ljava/lang/Object;+3
j  org.gradle.internal.extensibility.DefaultConvention$ExtensionsDynamicObject.tryInvokeMethod(Ljava/lang/String;[Ljava/lang/Object;)Lorg/gradle/internal/metaobject/DynamicInvokeResult;+18
j  org.gradle.internal.metaobject.CompositeDynamicObject.tryInvokeMethod(Ljava/lang/String;[Ljava/lang/Object;)Lorg/gradle/internal/metaobject/DynamicInvokeResult;+29
j  org.gradle.internal.extensibility.MixInClosurePropertiesAsMethodsDynamicObject.tryInvokeMethod(Ljava/lang/String;[Ljava/lang/Object;)Lorg/gradle/internal/metaobject/DynamicInvokeResult;+3
j  org.gradle.groovy.scripts.BasicScript$ScriptDynamicObject.tryInvokeMethod(Ljava/lang/String;[Ljava/lang/Object;)Lorg/gradle/internal/metaobject/DynamicInvokeResult;+27
j  org.gradle.internal.metaobject.AbstractDynamicObject.invokeMethod(Ljava/lang/String;[Ljava/lang/Object;)Ljava/lang/Object;+3
j  org.gradle.groovy.scripts.BasicScript.invokeMethod(Ljava/lang/String;Ljava/lang/Object;)Ljava/lang/Object;+9
j  org.codehaus.groovy.runtime.callsite.PogoMetaClassSite.callCurrent(Lgroovy/lang/GroovyObject;[Ljava/lang/Object;)Ljava/lang/Object;+80
j  org.codehaus.groovy.runtime.callsite.CallSiteArray.defaultCallCurrent(Lorg/codehaus/groovy/runtime/callsite/CallSite;Lgroovy/lang/GroovyObject;[Ljava/lang/Object;)Ljava/lang/Object;+17
j  org.codehaus.groovy.runtime.callsite.AbstractCallSite.callCurrent(Lgroovy/lang/GroovyObject;[Ljava/lang/Object;)Ljava/lang/Object;+3
j  org.codehaus.groovy.runtime.callsite.AbstractCallSite.callCurrent(Lgroovy/lang/GroovyObject;Ljava/lang/Object;)Ljava/lang/Object;+33
j  build_bn5e5oj66y9eaqk97h350q5yx.run()Ljava/lang/Object;+18
j  org.gradle.groovy.scripts.internal.DefaultScriptRunnerFactory$ScriptRunnerImpl.run(Ljava/lang/Object;Lorg/gradle/internal/service/ServiceRegistry;)V+57
j  org.gradle.configuration.DefaultScriptPluginFactory$ScriptPluginImpl.lambda$apply$0(Lorg/gradle/groovy/scripts/ScriptRunner;Ljava/lang/Object;Lorg/gradle/internal/service/DefaultServiceRegistry;)V+3
j  org.gradle.configuration.DefaultScriptPluginFactory$ScriptPluginImpl$$Lambda$123.run()V+12
j  org.gradle.configuration.ProjectScriptTarget.addConfiguration(Ljava/lang/Runnable;Z)V+18
j  org.gradle.configuration.DefaultScriptPluginFactory$ScriptPluginImpl.apply(Ljava/lang/Object;)V+368
j  org.gradle.configuration.BuildOperationScriptPlugin$1$1.run(Lorg/gradle/internal/operations/BuildOperationContext;)V+17
j  org.gradle.internal.operations.DefaultBuildOperationExecutor$RunnableBuildOperationWorker.execute(Lorg/gradle/internal/operations/RunnableBuildOperation;Lorg/gradle/internal/operations/BuildOperationContext;)V+2
j  org.gradle.internal.operations.DefaultBuildOperationExecutor$RunnableBuildOperationWorker.execute(Lorg/gradle/internal/operations/BuildOperation;Lorg/gradle/internal/operations/BuildOperationContext;)V+6
j  org.gradle.internal.operations.DefaultBuildOperationExecutor$1.execute(Lorg/gradle/internal/operations/BuildOperationDescriptor;Lorg/gradle/internal/operations/DefaultBuildOperationExecutor$DefaultBuildOperationContext;Lorg/gradle/internal/operations/DefaultBuildOperationExecutor$BuildOperationExecutionListener;)Lorg/gradle/internal/operations/BuildOperation;+18
j  org.gradle.internal.operations.DefaultBuildOperationExecutor.execute(Lorg/gradle/internal/operations/BuildOperationDescriptor$Builder;Lorg/gradle/internal/operations/DefaultBuildOperationExecutor$BuildOperationState;Lorg/gradle/internal/operations/DefaultBuildOperationExecutor$BuildOperationExecution;)Lorg/gradle/internal/operations/BuildOperation;+105
j  org.gradle.internal.operations.DefaultBuildOperationExecutor.execute(Lorg/gradle/internal/operations/BuildOperation;Lorg/gradle/internal/operations/BuildOperationWorker;Lorg/gradle/internal/operations/DefaultBuildOperationExecutor$BuildOperationState;)V+22
j  org.gradle.internal.operations.DefaultBuildOperationExecutor.run(Lorg/gradle/internal/operations/RunnableBuildOperation;)V+10
j  org.gradle.internal.operations.DelegatingBuildOperationExecutor.run(Lorg/gradle/internal/operations/RunnableBuildOperation;)V+5
j  org.gradle.configuration.BuildOperationScriptPlugin$1.execute(Lorg/gradle/configuration/internal/UserCodeApplicationId;)V+16
j  org.gradle.configuration.BuildOperationScriptPlugin$1.execute(Ljava/lang/Object;)V+5
j  org.gradle.configuration.internal.DefaultUserCodeApplicationContext.apply(Lorg/gradle/api/Action;)V+19
j  org.gradle.configuration.BuildOperationScriptPlugin.apply(Ljava/lang/Object;)V+54
j  org.gradle.configuration.project.BuildScriptProcessor$1.run()V+8
j  org.gradle.internal.Factories$1.create()Ljava/lang/Object;+4
j  org.gradle.api.internal.project.DefaultProjectStateRegistry$ProjectStateImpl.withMutableState(Lorg/gradle/internal/Factory;)Ljava/lang/Object;+59
j  org.gradle.api.internal.project.DefaultProjectStateRegistry$ProjectStateImpl.withMutableState(Ljava/lang/Runnable;)V+5
j  org.gradle.configuration.project.BuildScriptProcessor.execute(Lorg/gradle/api/internal/project/ProjectInternal;)V+88
j  org.gradle.configuration.project.BuildScriptProcessor.execute(Ljava/lang/Object;)V+5
j  org.gradle.configuration.project.ConfigureActionsProjectEvaluator.evaluate(Lorg/gradle/api/internal/project/ProjectInternal;Lorg/gradle/api/internal/project/ProjectStateInternal;)V+33
j  org.gradle.configuration.project.LifecycleProjectEvaluator$EvaluateProject$1.run()V+94
j  org.gradle.internal.Factories$1.create()Ljava/lang/Object;+4
j  org.gradle.internal.work.DefaultWorkerLeaseService.withLocks(Ljava/lang/Iterable;Lorg/gradle/internal/Factory;)Ljava/lang/Object;+26
j  org.gradle.internal.work.StopShieldingWorkerLeaseService.withLocks(Ljava/lang/Iterable;Lorg/gradle/internal/Factory;)Ljava/lang/Object;+6
j  org.gradle.api.internal.project.DefaultProjectStateRegistry$ProjectStateImpl.withProjectLock(Lorg/gradle/internal/resources/ResourceLock;Lorg/gradle/internal/Factory;)Ljava/lang/Object;+12
j  org.gradle.api.internal.project.DefaultProjectStateRegistry$ProjectStateImpl.withMutableState(Lorg/gradle/internal/Factory;)Ljava/lang/Object;+134
j  org.gradle.api.internal.project.DefaultProjectStateRegistry$ProjectStateImpl.withMutableState(Ljava/lang/Runnable;)V+5
j  org.gradle.configuration.project.LifecycleProjectEvaluator$EvaluateProject.run(Lorg/gradle/internal/operations/BuildOperationContext;)V+18
j  org.gradle.internal.operations.DefaultBuildOperationExecutor$RunnableBuildOperationWorker.execute(Lorg/gradle/internal/operations/RunnableBuildOperation;Lorg/gradle/internal/operations/BuildOperationContext;)V+2
j  org.gradle.internal.operations.DefaultBuildOperationExecutor$RunnableBuildOperationWorker.execute(Lorg/gradle/internal/operations/BuildOperation;Lorg/gradle/internal/operations/BuildOperationContext;)V+6
j  org.gradle.internal.operations.DefaultBuildOperationExecutor$1.execute(Lorg/gradle/internal/operations/BuildOperationDescriptor;Lorg/gradle/internal/operations/DefaultBuildOperationExecutor$DefaultBuildOperationContext;Lorg/gradle/internal/operations/DefaultBuildOperationExecutor$BuildOperationExecutionListener;)Lorg/gradle/internal/operations/BuildOperation;+18
j  org.gradle.internal.operations.DefaultBuildOperationExecutor.execute(Lorg/gradle/internal/operations/BuildOperationDescriptor$Builder;Lorg/gradle/internal/operations/DefaultBuildOperationExecutor$BuildOperationState;Lorg/gradle/internal/operations/DefaultBuildOperationExecutor$BuildOperationExecution;)Lorg/gradle/internal/operations/BuildOperation;+105
j  org.gradle.internal.operations.DefaultBuildOperationExecutor.execute(Lorg/gradle/internal/operations/BuildOperation;Lorg/gradle/internal/operations/BuildOperationWorker;Lorg/gradle/internal/operations/DefaultBuildOperationExecutor$BuildOperationState;)V+22
j  org.gradle.internal.operations.DefaultBuildOperationExecutor.run(Lorg/gradle/internal/operations/RunnableBuildOperation;)V+10
j  org.gradle.internal.operations.DelegatingBuildOperationExecutor.run(Lorg/gradle/internal/operations/RunnableBuildOperation;)V+5
j  org.gradle.configuration.project.LifecycleProjectEvaluator.evaluate(Lorg/gradle/api/internal/project/ProjectInternal;Lorg/gradle/api/internal/project/ProjectStateInternal;)V+22
j  org.gradle.api.internal.project.DefaultProject.evaluate()Lorg/gradle/api/internal/project/DefaultProject;+9
j  org.gradle.api.internal.project.DefaultProject.evaluate()Lorg/gradle/api/Project;+1
j  org.gradle.execution.TaskPathProjectEvaluator.configure(Lorg/gradle/api/internal/project/ProjectInternal;)V+21
j  org.gradle.execution.TaskPathProjectEvaluator.configureHierarchy(Lorg/gradle/api/internal/project/ProjectInternal;)V+41
j  org.gradle.configuration.DefaultProjectsPreparer.prepareProjects(Lorg/gradle/api/internal/GradleInternal;)V+79
j  org.gradle.configuration.BuildOperatingFiringProjectsPreparer$ConfigureBuild.run(Lorg/gradle/internal/operations/BuildOperationContext;)V+11
j  org.gradle.internal.operations.DefaultBuildOperationExecutor$RunnableBuildOperationWorker.execute(Lorg/gradle/internal/operations/RunnableBuildOperation;Lorg/gradle/internal/operations/BuildOperationContext;)V+2
j  org.gradle.internal.operations.DefaultBuildOperationExecutor$RunnableBuildOperationWorker.execute(Lorg/gradle/internal/operations/BuildOperation;Lorg/gradle/internal/operations/BuildOperationContext;)V+6
j  org.gradle.internal.operations.DefaultBuildOperationExecutor$1.execute(Lorg/gradle/internal/operations/BuildOperationDescriptor;Lorg/gradle/internal/operations/DefaultBuildOperationExecutor$DefaultBuildOperationContext;Lorg/gradle/internal/operations/DefaultBuildOperationExecutor$BuildOperationExecutionListener;)Lorg/gradle/internal/operations/BuildOperation;+18
j  org.gradle.internal.operations.DefaultBuildOperationExecutor.execute(Lorg/gradle/internal/operations/BuildOperationDescriptor$Builder;Lorg/gradle/internal/operations/DefaultBuildOperationExecutor$BuildOperationState;Lorg/gradle/internal/operations/DefaultBuildOperationExecutor$BuildOperationExecution;)Lorg/gradle/internal/operations/BuildOperation;+105
j  org.gradle.internal.operations.DefaultBuildOperationExecutor.execute(Lorg/gradle/internal/operations/BuildOperation;Lorg/gradle/internal/operations/BuildOperationWorker;Lorg/gradle/internal/operations/DefaultBuildOperationExecutor$BuildOperationState;)V+22
j  org.gradle.internal.operations.DefaultBuildOperationExecutor.run(Lorg/gradle/internal/operations/RunnableBuildOperation;)V+10
j  org.gradle.internal.operations.DelegatingBuildOperationExecutor.run(Lorg/gradle/internal/operations/RunnableBuildOperation;)V+5
j  org.gradle.configuration.BuildOperatingFiringProjectsPreparer.prepareProjects(Lorg/gradle/api/internal/GradleInternal;)V+13
j  org.gradle.initialization.DefaultGradleLauncher.prepareProjects()V+40
j  org.gradle.initialization.DefaultGradleLauncher.doClassicBuildStages(Lorg/gradle/initialization/DefaultGradleLauncher$Stage;)V+29
j  org.gradle.initialization.DefaultGradleLauncher.doBuildStages(Lorg/gradle/initialization/DefaultGradleLauncher$Stage;)V+45
j  org.gradle.initialization.DefaultGradleLauncher.executeTasks()Lorg/gradle/api/internal/GradleInternal;+4
j  org.gradle.internal.invocation.GradleBuildController$$Lambda$53.execute(Ljava/lang/Object;)V+4
j  org.gradle.internal.invocation.GradleBuildController$1.create()Lorg/gradle/api/internal/GradleInternal;+31
j  org.gradle.internal.invocation.GradleBuildController$1.create()Ljava/lang/Object;+1
j  org.gradle.internal.work.DefaultWorkerLeaseService.withLocks(Ljava/lang/Iterable;Lorg/gradle/internal/Factory;)Ljava/lang/Object;+26
j  org.gradle.internal.work.StopShieldingWorkerLeaseService.withLocks(Ljava/lang/Iterable;Lorg/gradle/internal/Factory;)Ljava/lang/Object;+6
j  org.gradle.internal.invocation.GradleBuildController.doBuild(Lorg/gradle/api/internal/GradleInternal$BuildType;Lorg/gradle/api/Action;)Lorg/gradle/api/internal/GradleInternal;+26
j  org.gradle.internal.invocation.GradleBuildController.run()Lorg/gradle/api/internal/GradleInternal;+9
j  org.gradle.tooling.internal.provider.runner.BuildModelActionRunner.run(Lorg/gradle/internal/invocation/BuildAction;Lorg/gradle/internal/invocation/BuildController;)Lorg/gradle/internal/invocation/BuildActionRunner$Result;+78
j  org.gradle.launcher.exec.ChainingBuildActionRunner.run(Lorg/gradle/internal/invocation/BuildAction;Lorg/gradle/internal/invocation/BuildController;)Lorg/gradle/internal/invocation/BuildActionRunner$Result;+34
j  org.gradle.launcher.exec.ChainingBuildActionRunner.run(Lorg/gradle/internal/invocation/BuildAction;Lorg/gradle/internal/invocation/BuildController;)Lorg/gradle/internal/invocation/BuildActionRunner$Result;+34
j  org.gradle.launcher.exec.BuildOutcomeReportingBuildActionRunner.run(Lorg/gradle/internal/invocation/BuildAction;Lorg/gradle/internal/invocation/BuildController;)Lorg/gradle/internal/invocation/BuildActionRunner$Result;+143
j  org.gradle.tooling.internal.provider.ValidatingBuildActionRunner.run(Lorg/gradle/internal/invocation/BuildAction;Lorg/gradle/internal/invocation/BuildController;)Lorg/gradle/internal/invocation/BuildActionRunner$Result;+6
j  org.gradle.launcher.exec.BuildCompletionNotifyingBuildActionRunner.run(Lorg/gradle/internal/invocation/BuildAction;Lorg/gradle/internal/invocation/BuildController;)Lorg/gradle/internal/invocation/BuildActionRunner$Result;+28
j  org.gradle.launcher.exec.RunAsBuildOperationBuildActionRunner$3.call(Lorg/gradle/internal/operations/BuildOperationContext;)Lorg/gradle/internal/invocation/BuildActionRunner$Result;+95
j  org.gradle.launcher.exec.RunAsBuildOperationBuildActionRunner$3.call(Lorg/gradle/internal/operations/BuildOperationContext;)Ljava/lang/Object;+2
j  org.gradle.internal.operations.DefaultBuildOperationExecutor$CallableBuildOperationWorker.execute(Lorg/gradle/internal/operations/CallableBuildOperation;Lorg/gradle/internal/operations/BuildOperationContext;)V+3
j  org.gradle.internal.operations.DefaultBuildOperationExecutor$CallableBuildOperationWorker.execute(Lorg/gradle/internal/operations/BuildOperation;Lorg/gradle/internal/operations/BuildOperationContext;)V+6
j  org.gradle.internal.operations.DefaultBuildOperationExecutor$1.execute(Lorg/gradle/internal/operations/BuildOperationDescriptor;Lorg/gradle/internal/operations/DefaultBuildOperationExecutor$DefaultBuildOperationContext;Lorg/gradle/internal/operations/DefaultBuildOperationExecutor$BuildOperationExecutionListener;)Lorg/gradle/internal/operations/BuildOperation;+18
j  org.gradle.internal.operations.DefaultBuildOperationExecutor.execute(Lorg/gradle/internal/operations/BuildOperationDescriptor$Builder;Lorg/gradle/internal/operations/DefaultBuildOperationExecutor$BuildOperationState;Lorg/gradle/internal/operations/DefaultBuildOperationExecutor$BuildOperationExecution;)Lorg/gradle/internal/operations/BuildOperation;+105
j  org.gradle.internal.operations.DefaultBuildOperationExecutor.execute(Lorg/gradle/internal/operations/BuildOperation;Lorg/gradle/internal/operations/BuildOperationWorker;Lorg/gradle/internal/operations/DefaultBuildOperationExecutor$BuildOperationState;)V+22
j  org.gradle.internal.operations.DefaultBuildOperationExecutor.call(Lorg/gradle/internal/operations/CallableBuildOperation;)Ljava/lang/Object;+16
j  org.gradle.internal.operations.DelegatingBuildOperationExecutor.call(Lorg/gradle/internal/operations/CallableBuildOperation;)Ljava/lang/Object;+5
j  org.gradle.launcher.exec.RunAsBuildOperationBuildActionRunner.run(Lorg/gradle/internal/invocation/BuildAction;Lorg/gradle/internal/invocation/BuildController;)Lorg/gradle/internal/invocation/BuildActionRunner$Result;+33
j  org.gradle.launcher.exec.InProcessBuildActionExecuter$1.transform(Lorg/gradle/internal/invocation/BuildController;)Lorg/gradle/launcher/exec/BuildActionResult;+12
j  org.gradle.launcher.exec.InProcessBuildActionExecuter$1.transform(Ljava/lang/Object;)Ljava/lang/Object;+5
j  org.gradle.composite.internal.DefaultRootBuildState.run(Lorg/gradle/api/Transformer;)Ljava/lang/Object;+43
j  org.gradle.launcher.exec.InProcessBuildActionExecuter.execute(Lorg/gradle/internal/invocation/BuildAction;Lorg/gradle/initialization/BuildRequestContext;Lorg/gradle/launcher/exec/BuildActionParameters;Lorg/gradle/internal/service/ServiceRegistry;)Lorg/gradle/launcher/exec/BuildActionResult;+82
j  org.gradle.launcher.exec.InProcessBuildActionExecuter.execute(Lorg/gradle/internal/invocation/BuildAction;Lorg/gradle/initialization/BuildRequestContext;Ljava/lang/Object;Lorg/gradle/internal/service/ServiceRegistry;)Lorg/gradle/launcher/exec/BuildActionResult;+9
j  org.gradle.launcher.exec.BuildTreeScopeBuildActionExecuter.execute(Lorg/gradle/internal/invocation/BuildAction;Lorg/gradle/initialization/BuildRequestContext;Lorg/gradle/launcher/exec/BuildActionParameters;Lorg/gradle/internal/service/ServiceRegistry;)Lorg/gradle/launcher/exec/BuildActionResult;+38
j  org.gradle.launcher.exec.BuildTreeScopeBuildActionExecuter.execute(Lorg/gradle/internal/invocation/BuildAction;Lorg/gradle/initialization/BuildRequestContext;Ljava/lang/Object;Lorg/gradle/internal/service/ServiceRegistry;)Lorg/gradle/launcher/exec/BuildActionResult;+9
j  org.gradle.tooling.internal.provider.ContinuousBuildActionExecuter.execute(Lorg/gradle/internal/invocation/BuildAction;Lorg/gradle/initialization/BuildRequestContext;Lorg/gradle/launcher/exec/BuildActionParameters;Lorg/gradle/internal/service/ServiceRegistry;)Lorg/gradle/launcher/exec/BuildActionResult;+58
j  org.gradle.tooling.internal.provider.ContinuousBuildActionExecuter.execute(Lorg/gradle/internal/invocation/BuildAction;Lorg/gradle/initialization/BuildRequestContext;Ljava/lang/Object;Lorg/gradle/internal/service/ServiceRegistry;)Lorg/gradle/launcher/exec/BuildActionResult;+9
j  org.gradle.tooling.internal.provider.SubscribableBuildActionExecuter.execute(Lorg/gradle/internal/invocation/BuildAction;Lorg/gradle/initialization/BuildRequestContext;Lorg/gradle/launcher/exec/BuildActionParameters;Lorg/gradle/internal/service/ServiceRegistry;)Lorg/gradle/launcher/exec/BuildActionResult;+41
j  org.gradle.tooling.internal.provider.SubscribableBuildActionExecuter.execute(Lorg/gradle/internal/invocation/BuildAction;Lorg/gradle/initialization/BuildRequestContext;Ljava/lang/Object;Lorg/gradle/internal/service/ServiceRegistry;)Lorg/gradle/launcher/exec/BuildActionResult;+9
j  org.gradle.tooling.internal.provider.SessionScopeBuildActionExecuter.execute(Lorg/gradle/internal/invocation/BuildAction;Lorg/gradle/initialization/BuildRequestContext;Lorg/gradle/launcher/exec/BuildActionParameters;Lorg/gradle/internal/service/ServiceRegistry;)Lorg/gradle/launcher/exec/BuildActionResult;+117
j  org.gradle.tooling.internal.provider.SessionScopeBuildActionExecuter.execute(Lorg/gradle/internal/invocation/BuildAction;Lorg/gradle/initialization/BuildRequestContext;Ljava/lang/Object;Lorg/gradle/internal/service/ServiceRegistry;)Lorg/gradle/launcher/exec/BuildActionResult;+9
j  org.gradle.tooling.internal.provider.GradleThreadBuildActionExecuter.execute(Lorg/gradle/internal/invocation/BuildAction;Lorg/gradle/initialization/BuildRequestContext;Lorg/gradle/launcher/exec/BuildActionParameters;Lorg/gradle/internal/service/ServiceRegistry;)Lorg/gradle/launcher/exec/BuildActionResult;+12
j  org.gradle.tooling.internal.provider.GradleThreadBuildActionExecuter.execute(Lorg/gradle/internal/invocation/BuildAction;Lorg/gradle/initialization/BuildRequestContext;Ljava/lang/Object;Lorg/gradle/internal/service/ServiceRegistry;)Lorg/gradle/launcher/exec/BuildActionResult;+9
j  org.gradle.tooling.internal.provider.StartParamsValidatingActionExecuter.execute(Lorg/gradle/internal/invocation/BuildAction;Lorg/gradle/initialization/BuildRequestContext;Lorg/gradle/launcher/exec/BuildActionParameters;Lorg/gradle/internal/service/ServiceRegistry;)Lorg/gradle/launcher/exec/BuildActionResult;+177
j  org.gradle.tooling.internal.provider.StartParamsValidatingActionExecuter.execute(Lorg/gradle/internal/invocation/BuildAction;Lorg/gradle/initialization/BuildRequestContext;Ljava/lang/Object;Lorg/gradle/internal/service/ServiceRegistry;)Lorg/gradle/launcher/exec/BuildActionResult;+9
j  org.gradle.tooling.internal.provider.SessionFailureReportingActionExecuter.execute(Lorg/gradle/internal/invocation/BuildAction;Lorg/gradle/initialization/BuildRequestContext;Lorg/gradle/launcher/exec/BuildActionParameters;Lorg/gradle/internal/service/ServiceRegistry;)Lorg/gradle/launcher/exec/BuildActionResult;+9
j  org.gradle.tooling.internal.provider.SessionFailureReportingActionExecuter.execute(Lorg/gradle/internal/invocation/BuildAction;Lorg/gradle/initialization/BuildRequestContext;Ljava/lang/Object;Lorg/gradle/internal/service/ServiceRegistry;)Lorg/gradle/launcher/exec/BuildActionResult;+9
j  org.gradle.tooling.internal.provider.SetupLoggingActionExecuter.execute(Lorg/gradle/internal/invocation/BuildAction;Lorg/gradle/initialization/BuildRequestContext;Lorg/gradle/launcher/exec/BuildActionParameters;Lorg/gradle/internal/service/ServiceRegistry;)Lorg/gradle/launcher/exec/BuildActionResult;+52
j  org.gradle.tooling.internal.provider.SetupLoggingActionExecuter.execute(Lorg/gradle/internal/invocation/BuildAction;Lorg/gradle/initialization/BuildRequestContext;Ljava/lang/Object;Lorg/gradle/internal/service/ServiceRegistry;)Lorg/gradle/launcher/exec/BuildActionResult;+9
j  org.gradle.launcher.daemon.server.exec.ExecuteBuild.doBuild(Lorg/gradle/launcher/daemon/server/api/DaemonCommandExecution;Lorg/gradle/launcher/daemon/protocol/Build;)V+118
j  org.gradle.launcher.daemon.server.exec.BuildCommandOnly.execute(Lorg/gradle/launcher/daemon/server/api/DaemonCommandExecution;)V+49
j  org.gradle.launcher.daemon.server.api.DaemonCommandExecution.proceed()Z+23
j  org.gradle.launcher.daemon.server.exec.WatchForDisconnection.execute(Lorg/gradle/launcher/daemon/server/api/DaemonCommandExecution;)V+19
j  org.gradle.launcher.daemon.server.api.DaemonCommandExecution.proceed()Z+23
j  org.gradle.launcher.daemon.server.exec.ResetDeprecationLogger.execute(Lorg/gradle/launcher/daemon/server/api/DaemonCommandExecution;)V+7
j  org.gradle.launcher.daemon.server.api.DaemonCommandExecution.proceed()Z+23
j  org.gradle.launcher.daemon.server.exec.RequestStopIfSingleUsedDaemon.execute(Lorg/gradle/launcher/daemon/server/api/DaemonCommandExecution;)V+33
j  org.gradle.launcher.daemon.server.api.DaemonCommandExecution.proceed()Z+23
j  org.gradle.launcher.daemon.server.exec.ForwardClientInput$2.create()Ljava/lang/Void;+4
j  org.gradle.launcher.daemon.server.exec.ForwardClientInput$2.create()Ljava/lang/Object;+1
j  org.gradle.util.Swapper.swap(Ljava/lang/Object;Lorg/gradle/internal/Factory;)Ljava/lang/Object;+21
j  org.gradle.launcher.daemon.server.exec.ForwardClientInput.execute(Lorg/gradle/launcher/daemon/server/api/DaemonCommandExecution;)V+63
j  org.gradle.launcher.daemon.server.api.DaemonCommandExecution.proceed()Z+23
j  org.gradle.launcher.daemon.server.exec.LogAndCheckHealth.execute(Lorg/gradle/launcher/daemon/server/api/DaemonCommandExecution;)V+28
j  org.gradle.launcher.daemon.server.api.DaemonCommandExecution.proceed()Z+23
j  org.gradle.launcher.daemon.server.exec.LogToClient.doBuild(Lorg/gradle/launcher/daemon/server/api/DaemonCommandExecution;Lorg/gradle/launcher/daemon/protocol/Build;)V+87
j  org.gradle.launcher.daemon.server.exec.BuildCommandOnly.execute(Lorg/gradle/launcher/daemon/server/api/DaemonCommandExecution;)V+49
j  org.gradle.launcher.daemon.server.api.DaemonCommandExecution.proceed()Z+23
j  org.gradle.launcher.daemon.server.exec.EstablishBuildEnvironment.doBuild(Lorg/gradle/launcher/daemon/server/api/DaemonCommandExecution;Lorg/gradle/launcher/daemon/protocol/Build;)V+351
j  org.gradle.launcher.daemon.server.exec.BuildCommandOnly.execute(Lorg/gradle/launcher/daemon/server/api/DaemonCommandExecution;)V+49
j  org.gradle.launcher.daemon.server.api.DaemonCommandExecution.proceed()Z+23
j  org.gradle.launcher.daemon.server.exec.StartBuildOrRespondWithBusy$1.run()V+44
j  org.gradle.launcher.daemon.server.DaemonStateCoordinator$1.run()V+4
j  org.gradle.internal.concurrent.ExecutorPolicy$CatchAndRecordFailures.onExecute(Ljava/lang/Runnable;)V+1
j  org.gradle.internal.concurrent.ManagedExecutorImpl$1.run()V+25
j  java.util.concurrent.ThreadPoolExecutor.runWorker(Ljava/util/concurrent/ThreadPoolExecutor$Worker;)V+95
j  java.util.concurrent.ThreadPoolExecutor$Worker.run()V+5
j  org.gradle.internal.concurrent.ThreadFactoryImpl$ManagedThreadRunnable.run()V+7
j  java.lang.Thread.run()V+11
v  ~StubRoutines::call_stub

---------------  P R O C E S S  ---------------

Java Threads: ( => current thread )
  0x000000001c366000 JavaThread "Cache worker for Build Output Cleanup Cache (E:\ProjectAndroidStudio r\AndroidNangCao\HandleMessage\.gradle\buildOutputCleanup)" [_thread_blocked, id=9760, stack(0x0000000028a20000,0x0000000028b20000)]
  0x000000001c35d800 JavaThread "jar transforms Thread 92" [_thread_blocked, id=13828, stack(0x0000000028720000,0x0000000028820000)]
  0x000000001c364800 JavaThread "jar transforms Thread 91" [_thread_blocked, id=7392, stack(0x0000000028620000,0x0000000028720000)]
  0x000000001c363800 JavaThread "jar transforms Thread 90" [_thread_blocked, id=10000, stack(0x0000000028520000,0x0000000028620000)]
  0x000000001c35e800 JavaThread "jar transforms Thread 89" [_thread_blocked, id=14828, stack(0x0000000028420000,0x0000000028520000)]
  0x000000001c363000 JavaThread "jar transforms Thread 88" [_thread_blocked, id=5812, stack(0x0000000028320000,0x0000000028420000)]
  0x000000001c362000 JavaThread "jar transforms Thread 87" [_thread_blocked, id=15192, stack(0x0000000028220000,0x0000000028320000)]
  0x000000001c360000 JavaThread "jar transforms Thread 86" [_thread_blocked, id=7784, stack(0x0000000028120000,0x0000000028220000)]
  0x000000001b081800 JavaThread "jar transforms Thread 85" [_thread_blocked, id=13972, stack(0x0000000028020000,0x0000000028120000)]
  0x000000001b07d800 JavaThread "jar transforms Thread 84" [_thread_blocked, id=12024, stack(0x0000000027f20000,0x0000000028020000)]
  0x000000001b07d000 JavaThread "jar transforms Thread 83" [_thread_blocked, id=6196, stack(0x0000000027e20000,0x0000000027f20000)]
  0x000000001b080000 JavaThread "jar transforms Thread 82" [_thread_blocked, id=6412, stack(0x0000000027d20000,0x0000000027e20000)]
  0x000000001b07f000 JavaThread "jar transforms Thread 81" [_thread_blocked, id=1092, stack(0x0000000027c20000,0x0000000027d20000)]
  0x000000001b07e800 JavaThread "jar transforms Thread 80" [_thread_blocked, id=18080, stack(0x0000000027b20000,0x0000000027c20000)]
  0x000000001b080800 JavaThread "jar transforms Thread 79" [_thread_blocked, id=12916, stack(0x0000000027a20000,0x0000000027b20000)]
  0x000000001b075000 JavaThread "jar transforms Thread 78" [_thread_blocked, id=8652, stack(0x0000000027820000,0x0000000027920000)]
  0x000000001b07c000 JavaThread "jar transforms Thread 77" [_thread_blocked, id=3632, stack(0x0000000027720000,0x0000000027820000)]
  0x000000001b074800 JavaThread "jar transforms Thread 76" [_thread_blocked, id=7772, stack(0x0000000027620000,0x0000000027720000)]
  0x000000001b07b800 JavaThread "jar transforms Thread 75" [_thread_blocked, id=16752, stack(0x0000000027520000,0x0000000027620000)]
  0x000000001b07a800 JavaThread "jar transforms Thread 74" [_thread_blocked, id=16176, stack(0x0000000027420000,0x0000000027520000)]
  0x000000001b073000 JavaThread "jar transforms Thread 73" [_thread_blocked, id=6908, stack(0x0000000027320000,0x0000000027420000)]
  0x000000001b07a000 JavaThread "jar transforms Thread 72" [_thread_blocked, id=10576, stack(0x0000000027220000,0x0000000027320000)]
  0x000000001b072000 JavaThread "jar transforms Thread 71" [_thread_blocked, id=2468, stack(0x0000000027120000,0x0000000027220000)]
  0x000000001b079000 JavaThread "jar transforms Thread 70" [_thread_blocked, id=17976, stack(0x0000000027020000,0x0000000027120000)]
  0x000000001b077800 JavaThread "jar transforms Thread 69" [_thread_blocked, id=17456, stack(0x0000000026f20000,0x0000000027020000)]
  0x000000001b076800 JavaThread "jar transforms Thread 68" [_thread_blocked, id=748, stack(0x0000000026e20000,0x0000000026f20000)]
  0x000000001b078800 JavaThread "jar transforms Thread 67" [_thread_blocked, id=15184, stack(0x0000000026d20000,0x0000000026e20000)]
  0x000000001b076000 JavaThread "jar transforms Thread 66" [_thread_blocked, id=4192, stack(0x0000000026c20000,0x0000000026d20000)]
  0x000000001b073800 JavaThread "jar transforms Thread 65" [_thread_blocked, id=17620, stack(0x0000000026b20000,0x0000000026c20000)]
  0x000000001a6c4000 JavaThread "jar transforms Thread 64" [_thread_blocked, id=12260, stack(0x0000000026a20000,0x0000000026b20000)]
  0x000000001a6c9800 JavaThread "jar transforms Thread 63" [_thread_blocked, id=4932, stack(0x0000000026920000,0x0000000026a20000)]
  0x000000001a6c3800 JavaThread "jar transforms Thread 62" [_thread_blocked, id=2480, stack(0x0000000026820000,0x0000000026920000)]
  0x000000001a6c2800 JavaThread "jar transforms Thread 61" [_thread_blocked, id=17652, stack(0x0000000026720000,0x0000000026820000)]
  0x000000001a6c8800 JavaThread "jar transforms Thread 60" [_thread_blocked, id=16000, stack(0x0000000026620000,0x0000000026720000)]
  0x000000001a6c5800 JavaThread "jar transforms Thread 59" [_thread_blocked, id=13788, stack(0x0000000026520000,0x0000000026620000)]
  0x000000001a6c8000 JavaThread "jar transforms Thread 58" [_thread_blocked, id=17924, stack(0x0000000026420000,0x0000000026520000)]
  0x000000001a6c7000 JavaThread "jar transforms Thread 57" [_thread_blocked, id=5156, stack(0x0000000026320000,0x0000000026420000)]
  0x000000001a6c5000 JavaThread "jar transforms Thread 56" [_thread_blocked, id=6552, stack(0x0000000026220000,0x0000000026320000)]
  0x000000001a6c6800 JavaThread "jar transforms Thread 55" [_thread_blocked, id=16896, stack(0x0000000026120000,0x0000000026220000)]
  0x000000001a6bb000 JavaThread "jar transforms Thread 54" [_thread_blocked, id=13204, stack(0x0000000026020000,0x0000000026120000)]
  0x000000001a6bb800 JavaThread "jar transforms Thread 53" [_thread_blocked, id=12912, stack(0x0000000025f20000,0x0000000026020000)]
  0x000000001a6bf000 JavaThread "jar transforms Thread 52" [_thread_blocked, id=5168, stack(0x0000000025e20000,0x0000000025f20000)]
  0x000000001a6c2000 JavaThread "jar transforms Thread 51" [_thread_blocked, id=13964, stack(0x0000000025d20000,0x0000000025e20000)]
  0x000000001a6c1000 JavaThread "jar transforms Thread 50" [_thread_blocked, id=16056, stack(0x0000000025c20000,0x0000000025d20000)]
  0x000000001a6bd800 JavaThread "jar transforms Thread 49" [_thread_blocked, id=10128, stack(0x0000000025b20000,0x0000000025c20000)]
  0x000000001a6c0800 JavaThread "jar transforms Thread 48" [_thread_blocked, id=12188, stack(0x0000000025a20000,0x0000000025b20000)]
  0x000000001a6bf800 JavaThread "jar transforms Thread 47" [_thread_blocked, id=3128, stack(0x0000000025920000,0x0000000025a20000)]
  0x000000001a6ba000 JavaThread "jar transforms Thread 46" [_thread_blocked, id=17516, stack(0x0000000025820000,0x0000000025920000)]
  0x000000001a6be000 JavaThread "jar transforms Thread 45" [_thread_blocked, id=2928, stack(0x0000000025720000,0x0000000025820000)]
  0x000000001a6bc800 JavaThread "jar transforms Thread 44" [_thread_blocked, id=1456, stack(0x0000000025620000,0x0000000025720000)]
  0x000000001c108000 JavaThread "jar transforms Thread 43" [_thread_blocked, id=12388, stack(0x0000000025520000,0x0000000025620000)]
  0x000000001c104800 JavaThread "jar transforms Thread 42" [_thread_blocked, id=5628, stack(0x0000000025420000,0x0000000025520000)]
  0x000000001c10a800 JavaThread "jar transforms Thread 41" [_thread_blocked, id=13720, stack(0x0000000025320000,0x0000000025420000)]
  0x000000001c107800 JavaThread "jar transforms Thread 40" [_thread_blocked, id=18156, stack(0x0000000025220000,0x0000000025320000)]
  0x000000001c106800 JavaThread "jar transforms Thread 39" [_thread_blocked, id=10652, stack(0x0000000025120000,0x0000000025220000)]
  0x000000001c106000 JavaThread "jar transforms Thread 38" [_thread_blocked, id=14796, stack(0x0000000025020000,0x0000000025120000)]
  0x000000001c109800 JavaThread "jar transforms Thread 37" [_thread_blocked, id=5032, stack(0x0000000024f20000,0x0000000025020000)]
  0x000000001c105000 JavaThread "jar transforms Thread 36" [_thread_blocked, id=17432, stack(0x0000000024e20000,0x0000000024f20000)]
  0x000000001c109000 JavaThread "jar transforms Thread 35" [_thread_blocked, id=3716, stack(0x0000000024d20000,0x0000000024e20000)]
  0x000000001c0fc800 JavaThread "jar transforms Thread 34" [_thread_blocked, id=13336, stack(0x0000000024c20000,0x0000000024d20000)]
  0x000000001c103800 JavaThread "jar transforms Thread 33" [_thread_blocked, id=14616, stack(0x0000000024b20000,0x0000000024c20000)]
  0x000000001c0fd800 JavaThread "jar transforms Thread 32" [_thread_blocked, id=8728, stack(0x0000000024a20000,0x0000000024b20000)]
  0x000000001c103000 JavaThread "jar transforms Thread 31" [_thread_blocked, id=10352, stack(0x0000000024920000,0x0000000024a20000)]
  0x000000001c0fb000 JavaThread "jar transforms Thread 30" [_thread_blocked, id=14100, stack(0x0000000024820000,0x0000000024920000)]
  0x000000001c102000 JavaThread "jar transforms Thread 29" [_thread_blocked, id=16376, stack(0x0000000024720000,0x0000000024820000)]
  0x000000001c100800 JavaThread "jar transforms Thread 28" [_thread_blocked, id=876, stack(0x0000000024620000,0x0000000024720000)]
  0x000000001c101800 JavaThread "jar transforms Thread 27" [_thread_blocked, id=11324, stack(0x0000000024520000,0x0000000024620000)]
  0x000000001c0ff800 JavaThread "jar transforms Thread 26" [_thread_blocked, id=5344, stack(0x0000000024420000,0x0000000024520000)]
  0x000000001c0ff000 JavaThread "jar transforms Thread 25" [_thread_blocked, id=15516, stack(0x0000000024320000,0x0000000024420000)]
  0x000000001c0fc000 JavaThread "jar transforms Thread 24" [_thread_blocked, id=10620, stack(0x0000000024220000,0x0000000024320000)]
  0x000000001c0fe000 JavaThread "jar transforms Thread 23" [_thread_blocked, id=8276, stack(0x0000000024120000,0x0000000024220000)]
  0x000000001a066800 JavaThread "jar transforms Thread 22" [_thread_blocked, id=9048, stack(0x0000000024020000,0x0000000024120000)]
  0x000000001a065000 JavaThread "jar transforms Thread 21" [_thread_blocked, id=4312, stack(0x0000000023f20000,0x0000000024020000)]
  0x000000001a064000 JavaThread "jar transforms Thread 20" [_thread_blocked, id=14248, stack(0x0000000023e20000,0x0000000023f20000)]
  0x000000001a065800 JavaThread "jar transforms Thread 19" [_thread_blocked, id=10600, stack(0x0000000023d20000,0x0000000023e20000)]
  0x000000001a05c800 JavaThread "jar transforms Thread 18" [_thread_blocked, id=13364, stack(0x0000000023c20000,0x0000000023d20000)]
  0x000000001a05d000 JavaThread "jar transforms Thread 17" [_thread_blocked, id=9808, stack(0x0000000023b20000,0x0000000023c20000)]
  0x000000001a063000 JavaThread "jar transforms Thread 16" [_thread_blocked, id=2816, stack(0x0000000023a20000,0x0000000023b20000)]
  0x000000001a062800 JavaThread "jar transforms Thread 15" [_thread_blocked, id=1016, stack(0x0000000023920000,0x0000000023a20000)]
  0x000000001a061800 JavaThread "jar transforms Thread 14" [_thread_blocked, id=8640, stack(0x0000000023820000,0x0000000023920000)]
  0x000000001a061000 JavaThread "jar transforms Thread 13" [_thread_blocked, id=14928, stack(0x0000000023720000,0x0000000023820000)]
  0x000000001a060000 JavaThread "jar transforms Thread 12" [_thread_blocked, id=3192, stack(0x0000000023620000,0x0000000023720000)]
  0x000000001a059800 JavaThread "jar transforms Thread 11" [_thread_blocked, id=11716, stack(0x0000000023520000,0x0000000023620000)]
  0x000000001a05a000 JavaThread "jar transforms Thread 10" [_thread_blocked, id=17260, stack(0x0000000023420000,0x0000000023520000)]
  0x000000001a05b800 JavaThread "jar transforms Thread 9" [_thread_blocked, id=5748, stack(0x0000000023320000,0x0000000023420000)]
  0x000000001a05b000 JavaThread "jar transforms Thread 8" [_thread_blocked, id=9700, stack(0x0000000023220000,0x0000000023320000)]
  0x000000001a058800 JavaThread "jar transforms Thread 7" [_thread_blocked, id=1408, stack(0x0000000023120000,0x0000000023220000)]
  0x000000001a05f800 JavaThread "jar transforms Thread 6" [_thread_blocked, id=10092, stack(0x0000000023020000,0x0000000023120000)]
  0x000000001a05e800 JavaThread "jar transforms Thread 5" [_thread_blocked, id=15300, stack(0x0000000022f20000,0x0000000023020000)]
  0x000000001a058000 JavaThread "jar transforms Thread 4" [_thread_blocked, id=11156, stack(0x0000000022e20000,0x0000000022f20000)]
  0x000000001a05e000 JavaThread "jar transforms Thread 3" [_thread_blocked, id=13376, stack(0x0000000022d20000,0x0000000022e20000)]
  0x000000001a057000 JavaThread "jar transforms Thread 2" [_thread_blocked, id=17152, stack(0x0000000022c20000,0x0000000022d20000)]
  0x000000001b6b6000 JavaThread "Build operations Thread 4" [_thread_blocked, id=16592, stack(0x0000000022b20000,0x0000000022c20000)]
  0x000000001b6b3800 JavaThread "Build operations Thread 3" [_thread_blocked, id=11252, stack(0x0000000022a20000,0x0000000022b20000)]
  0x000000001b6b4800 JavaThread "Build operations Thread 2" [_thread_blocked, id=15748, stack(0x0000000022920000,0x0000000022a20000)]
  0x000000001b6b3000 JavaThread "Build operations" [_thread_blocked, id=13768, stack(0x0000000022820000,0x0000000022920000)]
  0x000000001b6b2000 JavaThread "Cache worker for file content cache (C:\Users\Admin\.gradle\caches\6.5\fileContent)" [_thread_blocked, id=4188, stack(0x0000000022120000,0x0000000022220000)]
  0x000000001b6b5000 JavaThread "jar transforms" [_thread_blocked, id=12224, stack(0x0000000022020000,0x0000000022120000)]
  0x000000001b6b8000 JavaThread "Cache worker for execution history cache (C:\Users\Admin\.gradle\caches\6.5\executionHistory)" [_thread_blocked, id=6372, stack(0x0000000020920000,0x0000000020a20000)]
  0x000000001b6b6800 JavaThread "Cache worker for cache directory md-rule (C:\Users\Admin\.gradle\caches\6.5\md-rule)" [_thread_blocked, id=1956, stack(0x0000000020820000,0x0000000020920000)]
  0x000000001af1f000 JavaThread "Cache worker for cache directory md-supplier (C:\Users\Admin\.gradle\caches\6.5\md-supplier)" [_thread_blocked, id=11064, stack(0x0000000020720000,0x0000000020820000)]
  0x000000001af1e000 JavaThread "Cache worker for checksums cache (E:\ProjectAndroidStudio r\AndroidNangCao\HandleMessage\.gradle\checksums)" [_thread_blocked, id=16156, stack(0x0000000020620000,0x0000000020720000)]
  0x000000001af24000 JavaThread "Cache worker for file hash cache (E:\ProjectAndroidStudio r\AndroidNangCao\HandleMessage\.gradle\6.5\fileHashes)" [_thread_blocked, id=620, stack(0x0000000020320000,0x0000000020420000)]
  0x000000001af22800 JavaThread "Cache worker for file hash cache (C:\Users\Admin\.gradle\caches\6.5\fileHashes)" [_thread_blocked, id=16320, stack(0x000000001de80000,0x000000001df80000)]
  0x000000001af21000 JavaThread "File lock request listener" [_thread_in_native, id=17732, stack(0x000000001dd80000,0x000000001de80000)]
  0x000000001af20800 JavaThread "Cache worker for journal cache (C:\Users\Admin\.gradle\caches\journal-1)" [_thread_blocked, id=10104, stack(0x000000001db80000,0x000000001dc80000)]
  0x000000001af1f800 JavaThread "Thread-9" [_thread_blocked, id=10476, stack(0x000000001d880000,0x000000001d980000)]
  0x000000001af1d800 JavaThread "Stdin handler" [_thread_blocked, id=17916, stack(0x000000001d780000,0x000000001d880000)]
  0x000000001af22000 JavaThread "Asynchronous log dispatcher for DefaultDaemonConnection: socket connection from /127.0.0.1:56944 to /127.0.0.1:56945" [_thread_blocked, id=17552, stack(0x000000001d680000,0x000000001d780000)]
=>0x000000001af23800 JavaThread "Daemon worker" [_thread_in_vm, id=10132, stack(0x000000001d580000,0x000000001d680000)]
  0x000000001a509000 JavaThread "Cancel handler" [_thread_blocked, id=10680, stack(0x000000001d480000,0x000000001d580000)]
  0x000000001a28b800 JavaThread "Handler for socket connection from /127.0.0.1:56944 to /127.0.0.1:56945" [_thread_in_native, id=12780, stack(0x000000001d380000,0x000000001d480000)]
  0x000000001a28b000 JavaThread "Daemon" [_thread_blocked, id=13968, stack(0x000000001d280000,0x000000001d380000)]
  0x000000001af11800 JavaThread "Daemon periodic checks" [_thread_blocked, id=16092, stack(0x000000001cf80000,0x000000001d080000)]
  0x000000001a288000 JavaThread "Incoming local TCP Connector on port 56944" [_thread_in_native, id=1108, stack(0x000000001cd40000,0x000000001ce40000)]
  0x00000000197fe000 JavaThread "Daemon health stats" [_thread_blocked, id=4296, stack(0x000000001c500000,0x000000001c600000)]
  0x000000001978b000 JavaThread "Service Thread" daemon [_thread_blocked, id=8788, stack(0x0000000019b60000,0x0000000019c60000)]
  0x0000000017e51800 JavaThread "C1 CompilerThread2" daemon [_thread_blocked, id=14340, stack(0x0000000019660000,0x0000000019760000)]
  0x0000000017e12800 JavaThread "C2 CompilerThread1" daemon [_thread_in_native, id=15048, stack(0x0000000019560000,0x0000000019660000)]
  0x0000000017e0a000 JavaThread "C2 CompilerThread0" daemon [_thread_in_native, id=9632, stack(0x0000000019460000,0x0000000019560000)]
  0x0000000017e08800 JavaThread "Attach Listener" daemon [_thread_blocked, id=3472, stack(0x0000000019360000,0x0000000019460000)]
  0x0000000017e07800 JavaThread "Signal Dispatcher" daemon [_thread_blocked, id=8372, stack(0x0000000019260000,0x0000000019360000)]
  0x00000000031d7800 JavaThread "Finalizer" daemon [_thread_blocked, id=4228, stack(0x0000000019060000,0x0000000019160000)]
  0x0000000017dea000 JavaThread "Reference Handler" daemon [_thread_blocked, id=6392, stack(0x0000000018f60000,0x0000000019060000)]
  0x00000000030e2800 JavaThread "main" [_thread_blocked, id=16868, stack(0x0000000002fe0000,0x00000000030e0000)]

Other Threads:
  0x0000000017dc7000 VMThread [stack: 0x0000000018e60000,0x0000000018f60000] [id=1700]
  0x000000001978f800 WatcherThread [stack: 0x0000000019c60000,0x0000000019d60000] [id=14448]

VM state:not at safepoint (normal execution)

VM Mutex/Monitor currently owned by a thread: None

heap address: 0x0000000080000000, size: 2048 MB, Compressed Oops mode: 32-bit
Narrow klass base: 0x0000000000000000, Narrow klass shift: 3
Compressed class space size: 1073741824 Address: 0x0000000100000000

Heap:
 PSYoungGen      total 157696K, used 135590K [0x00000000d5580000, 0x00000000e0600000, 0x0000000100000000)
  eden space 148992K, 85% used [0x00000000d5580000,0x00000000dd1e5608,0x00000000de700000)
  from space 8704K, 94% used [0x00000000dfd80000,0x00000000e05845e0,0x00000000e0600000)
  to   space 11776K, 0% used [0x00000000def00000,0x00000000def00000,0x00000000dfa80000)
 ParOldGen       total 80384K, used 14374K [0x0000000080000000, 0x0000000084e80000, 0x00000000d5580000)
  object space 80384K, 17% used [0x0000000080000000,0x0000000080e09af0,0x0000000084e80000)
 Metaspace       used 50895K, capacity 52852K, committed 52992K, reserved 1095680K
  class space    used 6970K, capacity 7362K, committed 7424K, reserved 1048576K

Card table byte_map: [0x00000000125a0000,0x00000000129b0000] byte_map_base: 0x00000000121a0000

Marking Bits: (ParMarkBitMap*) 0x0000000067a26d90
 Begin Bits: [0x0000000013060000, 0x0000000015060000)
 End Bits:   [0x0000000015060000, 0x0000000017060000)

Polling page: 0x0000000001270000

CodeCache: size=245760Kb used=14511Kb max_used=14516Kb free=231248Kb
 bounds [0x00000000031e0000, 0x0000000004020000, 0x00000000121e0000]
 total_blobs=5028 nmethods=4265 adapters=675
 compilation: enabled

Compilation events (10 events):
Event: 27.564 Thread 0x0000000017e0a000 nmethod 4675 0x0000000004017050 code [0x0000000004017200, 0x0000000004017e58]
Event: 27.564 Thread 0x0000000017e0a000 4678       4       com.sun.beans.TypeResolver::resolve (37 bytes)
Event: 27.566 Thread 0x0000000017e51800 4682       3       groovy.lang.MetaClassImpl$Index::put (10 bytes)
Event: 27.567 Thread 0x0000000017e51800 nmethod 4682 0x00000000040138d0 code [0x0000000004013a40, 0x0000000004013c68]
Event: 27.570 Thread 0x0000000017e51800 4683       3       java.util.ComparableTimSort::countRunAndMakeAscending (123 bytes)
Event: 27.571 Thread 0x0000000017e51800 nmethod 4683 0x00000000040123d0 code [0x00000000040125e0, 0x0000000004013388]
Event: 27.580 Thread 0x0000000017e51800 4685       3       java.util.Arrays::sort (37 bytes)
Event: 27.580 Thread 0x0000000017e51800 nmethod 4685 0x0000000004016990 code [0x0000000004016b20, 0x0000000004016eb8]
Event: 27.583 Thread 0x0000000017e51800 4686       3       org.codehaus.groovy.util.FastArray::set (8 bytes)
Event: 27.583 Thread 0x0000000017e51800 nmethod 4686 0x0000000004016450 code [0x00000000040165c0, 0x0000000004016870]

GC Heap History (10 events):
Event: 16.298 GC heap before
{Heap before GC invocations=8 (full 1):
 PSYoungGen      total 76288K, used 66048K [0x00000000d5580000, 0x00000000dab80000, 0x0000000100000000)
  eden space 66048K, 100% used [0x00000000d5580000,0x00000000d9600000,0x00000000d9600000)
  from space 10240K, 0% used [0x00000000da080000,0x00000000da080000,0x00000000daa80000)
  to   space 10752K, 0% used [0x00000000d9600000,0x00000000d9600000,0x00000000da080000)
 ParOldGen       total 55808K, used 8894K [0x0000000080000000, 0x0000000083680000, 0x00000000d5580000)
  object space 55808K, 15% used [0x0000000080000000,0x00000000808afaf8,0x0000000083680000)
 Metaspace       used 28549K, capacity 29356K, committed 29696K, reserved 1075200K
  class space    used 4043K, capacity 4250K, committed 4352K, reserved 1048576K
Event: 16.328 GC heap after
Heap after GC invocations=8 (full 1):
 PSYoungGen      total 76800K, used 8187K [0x00000000d5580000, 0x00000000dd980000, 0x0000000100000000)
  eden space 66048K, 0% used [0x00000000d5580000,0x00000000d5580000,0x00000000d9600000)
  from space 10752K, 76% used [0x00000000d9600000,0x00000000d9dfed10,0x00000000da080000)
  to   space 11264K, 0% used [0x00000000dce80000,0x00000000dce80000,0x00000000dd980000)
 ParOldGen       total 55808K, used 8902K [0x0000000080000000, 0x0000000083680000, 0x00000000d5580000)
  object space 55808K, 15% used [0x0000000080000000,0x00000000808b1af8,0x0000000083680000)
 Metaspace       used 28549K, capacity 29356K, committed 29696K, reserved 1075200K
  class space    used 4043K, capacity 4250K, committed 4352K, reserved 1048576K
}
Event: 18.508 GC heap before
{Heap before GC invocations=9 (full 1):
 PSYoungGen      total 76800K, used 74235K [0x00000000d5580000, 0x00000000dd980000, 0x0000000100000000)
  eden space 66048K, 100% used [0x00000000d5580000,0x00000000d9600000,0x00000000d9600000)
  from space 10752K, 76% used [0x00000000d9600000,0x00000000d9dfed10,0x00000000da080000)
  to   space 11264K, 0% used [0x00000000dce80000,0x00000000dce80000,0x00000000dd980000)
 ParOldGen       total 55808K, used 8902K [0x0000000080000000, 0x0000000083680000, 0x00000000d5580000)
  object space 55808K, 15% used [0x0000000080000000,0x00000000808b1af8,0x0000000083680000)
 Metaspace       used 32920K, capacity 33938K, committed 34048K, reserved 1079296K
  class space    used 4602K, capacity 4845K, committed 4864K, reserved 1048576K
Event: 18.531 GC heap after
Heap after GC invocations=9 (full 1):
 PSYoungGen      total 122880K, used 9303K [0x00000000d5580000, 0x00000000dd980000, 0x0000000100000000)
  eden space 111616K, 0% used [0x00000000d5580000,0x00000000d5580000,0x00000000dc280000)
  from space 11264K, 82% used [0x00000000dce80000,0x00000000dd795c80,0x00000000dd980000)
  to   space 11776K, 0% used [0x00000000dc280000,0x00000000dc280000,0x00000000dce00000)
 ParOldGen       total 55808K, used 8910K [0x0000000080000000, 0x0000000083680000, 0x00000000d5580000)
  object space 55808K, 15% used [0x0000000080000000,0x00000000808b3af8,0x0000000083680000)
 Metaspace       used 32920K, capacity 33938K, committed 34048K, reserved 1079296K
  class space    used 4602K, capacity 4845K, committed 4864K, reserved 1048576K
}
Event: 19.407 GC heap before
{Heap before GC invocations=10 (full 1):
 PSYoungGen      total 122880K, used 37601K [0x00000000d5580000, 0x00000000dd980000, 0x0000000100000000)
  eden space 111616K, 25% used [0x00000000d5580000,0x00000000d71228f8,0x00000000dc280000)
  from space 11264K, 82% used [0x00000000dce80000,0x00000000dd795c80,0x00000000dd980000)
  to   space 11776K, 0% used [0x00000000dc280000,0x00000000dc280000,0x00000000dce00000)
 ParOldGen       total 55808K, used 8910K [0x0000000080000000, 0x0000000083680000, 0x00000000d5580000)
  object space 55808K, 15% used [0x0000000080000000,0x00000000808b3af8,0x0000000083680000)
 Metaspace       used 34289K, capacity 35426K, committed 35496K, reserved 1079296K
  class space    used 4830K, capacity 5096K, committed 5120K, reserved 1048576K
Event: 19.429 GC heap after
Heap after GC invocations=10 (full 1):
 PSYoungGen      total 123392K, used 7930K [0x00000000d5580000, 0x00000000e0900000, 0x0000000100000000)
  eden space 111616K, 0% used [0x00000000d5580000,0x00000000d5580000,0x00000000dc280000)
  from space 11776K, 67% used [0x00000000dc280000,0x00000000dca3eb90,0x00000000dce00000)
  to   space 11776K, 0% used [0x00000000dfd80000,0x00000000dfd80000,0x00000000e0900000)
 ParOldGen       total 55808K, used 8918K [0x0000000080000000, 0x0000000083680000, 0x00000000d5580000)
  object space 55808K, 15% used [0x0000000080000000,0x00000000808b5af8,0x0000000083680000)
 Metaspace       used 34289K, capacity 35426K, committed 35496K, reserved 1079296K
  class space    used 4830K, capacity 5096K, committed 5120K, reserved 1048576K
}
Event: 19.429 GC heap before
{Heap before GC invocations=11 (full 2):
 PSYoungGen      total 123392K, used 7930K [0x00000000d5580000, 0x00000000e0900000, 0x0000000100000000)
  eden space 111616K, 0% used [0x00000000d5580000,0x00000000d5580000,0x00000000dc280000)
  from space 11776K, 67% used [0x00000000dc280000,0x00000000dca3eb90,0x00000000dce00000)
  to   space 11776K, 0% used [0x00000000dfd80000,0x00000000dfd80000,0x00000000e0900000)
 ParOldGen       total 55808K, used 8918K [0x0000000080000000, 0x0000000083680000, 0x00000000d5580000)
  object space 55808K, 15% used [0x0000000080000000,0x00000000808b5af8,0x0000000083680000)
 Metaspace       used 34289K, capacity 35426K, committed 35496K, reserved 1079296K
  class space    used 4830K, capacity 5096K, committed 5120K, reserved 1048576K
Event: 19.547 GC heap after
Heap after GC invocations=11 (full 2):
 PSYoungGen      total 123392K, used 0K [0x00000000d5580000, 0x00000000e0900000, 0x0000000100000000)
  eden space 111616K, 0% used [0x00000000d5580000,0x00000000d5580000,0x00000000dc280000)
  from space 11776K, 0% used [0x00000000dc280000,0x00000000dc280000,0x00000000dce00000)
  to   space 11776K, 0% used [0x00000000dfd80000,0x00000000dfd80000,0x00000000e0900000)
 ParOldGen       total 80384K, used 14366K [0x0000000080000000, 0x0000000084e80000, 0x00000000d5580000)
  object space 80384K, 17% used [0x0000000080000000,0x0000000080e07af0,0x0000000084e80000)
 Metaspace       used 34289K, capacity 35426K, committed 35496K, reserved 1079296K
  class space    used 4830K, capacity 5096K, committed 5120K, reserved 1048576K
}
Event: 21.980 GC heap before
{Heap before GC invocations=12 (full 2):
 PSYoungGen      total 123392K, used 111616K [0x00000000d5580000, 0x00000000e0900000, 0x0000000100000000)
  eden space 111616K, 100% used [0x00000000d5580000,0x00000000dc280000,0x00000000dc280000)
  from space 11776K, 0% used [0x00000000dc280000,0x00000000dc280000,0x00000000dce00000)
  to   space 11776K, 0% used [0x00000000dfd80000,0x00000000dfd80000,0x00000000e0900000)
 ParOldGen       total 80384K, used 14366K [0x0000000080000000, 0x0000000084e80000, 0x00000000d5580000)
  object space 80384K, 17% used [0x0000000080000000,0x0000000080e07af0,0x0000000084e80000)
 Metaspace       used 38242K, capacity 39840K, committed 40064K, reserved 1083392K
  class space    used 5395K, capacity 5700K, committed 5760K, reserved 1048576K
Event: 22.022 GC heap after
Heap after GC invocations=12 (full 2):
 PSYoungGen      total 157696K, used 8209K [0x00000000d5580000, 0x00000000e0600000, 0x0000000100000000)
  eden space 148992K, 0% used [0x00000000d5580000,0x00000000d5580000,0x00000000de700000)
  from space 8704K, 94% used [0x00000000dfd80000,0x00000000e05845e0,0x00000000e0600000)
  to   space 11776K, 0% used [0x00000000def00000,0x00000000def00000,0x00000000dfa80000)
 ParOldGen       total 80384K, used 14374K [0x0000000080000000, 0x0000000084e80000, 0x00000000d5580000)
  object space 80384K, 17% used [0x0000000080000000,0x0000000080e09af0,0x0000000084e80000)
 Metaspace       used 38242K, capacity 39840K, committed 40064K, reserved 1083392K
  class space    used 5395K, capacity 5700K, committed 5760K, reserved 1048576K
}

Deoptimization events (10 events):
Event: 24.941 Thread 0x000000001af23800 Uncommon trap: reason=unstable_if action=reinterpret pc=0x0000000003bde03c method=java.security.CodeSource.matchCerts(Ljava/security/CodeSource;Z)Z @ 11
Event: 25.259 Thread 0x000000001af23800 Uncommon trap: reason=bimorphic action=maybe_recompile pc=0x0000000003cf77a0 method=java.util.regex.Pattern$CharProperty.match(Ljava/util/regex/Matcher;ILjava/lang/CharSequence;)Z @ 18
Event: 25.259 Thread 0x000000001af23800 Uncommon trap: reason=bimorphic action=maybe_recompile pc=0x0000000003cf77a0 method=java.util.regex.Pattern$CharProperty.match(Ljava/util/regex/Matcher;ILjava/lang/CharSequence;)Z @ 18
Event: 25.259 Thread 0x000000001af23800 Uncommon trap: reason=bimorphic action=maybe_recompile pc=0x0000000003cf77a0 method=java.util.regex.Pattern$CharProperty.match(Ljava/util/regex/Matcher;ILjava/lang/CharSequence;)Z @ 18
Event: 25.317 Thread 0x000000001af23800 Uncommon trap: reason=bimorphic action=maybe_recompile pc=0x0000000003cf77a0 method=java.util.regex.Pattern$CharProperty.match(Ljava/util/regex/Matcher;ILjava/lang/CharSequence;)Z @ 18
Event: 25.834 Thread 0x000000001af23800 Uncommon trap: reason=unstable_if action=reinterpret pc=0x00000000033652f0 method=org.gradle.internal.reflect.PropertyAccessorType.of(Ljava/lang/reflect/Method;)Lorg/gradle/internal/reflect/PropertyAccessorType; @ 56
Event: 27.089 Thread 0x000000001af23800 Uncommon trap: reason=unstable_if action=reinterpret pc=0x0000000003f724b4 method=com.sun.org.apache.xerces.internal.impl.XMLEntityScanner.checkBeforeLoad(Lcom/sun/xml/internal/stream/Entity$ScannedEntity;II)I @ 18
Event: 27.257 Thread 0x000000001af23800 Uncommon trap: reason=unstable_if action=reinterpret pc=0x0000000003dbbbf0 method=org.gradle.internal.instantiation.generator.AbstractClassGenerator$InjectionAnnotationValidator.validateMethod(Ljava/lang/reflect/Method;Lorg/gradle/internal/reflect/Propert
Event: 27.257 Thread 0x000000001af23800 Uncommon trap: reason=unstable_if action=reinterpret pc=0x0000000003dbdf04 method=org.gradle.internal.instantiation.generator.AbstractClassGenerator$InjectionAnnotationValidator.validateMethod(Ljava/lang/reflect/Method;Lorg/gradle/internal/reflect/Propert
Event: 27.472 Thread 0x000000001af23800 Uncommon trap: reason=null_check action=make_not_entrant pc=0x00000000039afc1c method=java.lang.Class.searchMethods([Ljava/lang/reflect/Method;Ljava/lang/String;[Ljava/lang/Class;)Ljava/lang/reflect/Method; @ 59

Classes redefined (0 events):
No events

Internal exceptions (10 events):
Event: 27.514 Thread 0x000000001af23800 Exception <a 'java/lang/ClassNotFoundException': com/android/build/gradle/internal/dsl/BaseFlavorBeanInfo> (0x00000000dcb38af8) thrown at [C:\re\workspace\8-2-build-windows-amd64-cygwin\jdk8u231\13620\hotspot\src\share\vm\classfile\systemDictionary.cpp, l
Event: 27.516 Thread 0x000000001af23800 Exception <a 'java/lang/ClassNotFoundException': com/android/builder/core/AbstractProductFlavorBeanInfo> (0x00000000dcb533c0) thrown at [C:\re\workspace\8-2-build-windows-amd64-cygwin\jdk8u231\13620\hotspot\src\share\vm\classfile\systemDictionary.cpp, lin
Event: 27.517 Thread 0x000000001af23800 Exception <a 'java/lang/ClassNotFoundException': com/android/builder/internal/BaseConfigImplBeanInfo> (0x00000000dcb6d5b8) thrown at [C:\re\workspace\8-2-build-windows-amd64-cygwin\jdk8u231\13620\hotspot\src\share\vm\classfile\systemDictionary.cpp, line 2
Event: 27.518 Thread 0x000000001af23800 Exception <a 'java/lang/ClassNotFoundException': com/android/builder/internal/BaseConfigImplCustomizer> (0x00000000dcb87d90) thrown at [C:\re\workspace\8-2-build-windows-amd64-cygwin\jdk8u231\13620\hotspot\src\share\vm\classfile\systemDictionary.cpp, line
Event: 27.521 Thread 0x000000001af23800 Exception <a 'java/lang/ClassNotFoundException': com/android/builder/core/AbstractProductFlavorCustomizer> (0x00000000dcbd5370) thrown at [C:\re\workspace\8-2-build-windows-amd64-cygwin\jdk8u231\13620\hotspot\src\share\vm\classfile\systemDictionary.cpp, l
Event: 27.524 Thread 0x000000001af23800 Exception <a 'java/lang/ClassNotFoundException': com/android/build/gradle/internal/dsl/BaseFlavorCustomizer> (0x00000000dcc44098) thrown at [C:\re\workspace\8-2-build-windows-amd64-cygwin\jdk8u231\13620\hotspot\src\share\vm\classfile\systemDictionary.cpp,
Event: 27.529 Thread 0x000000001af23800 Exception <a 'java/lang/ClassNotFoundException': com/android/build/gradle/internal/dsl/DefaultConfigCustomizer> (0x00000000dccf1f28) thrown at [C:\re\workspace\8-2-build-windows-amd64-cygwin\jdk8u231\13620\hotspot\src\share\vm\classfile\systemDictionary.c
Event: 27.531 Thread 0x000000001af23800 Exception <a 'java/lang/ClassNotFoundException': com/android/build/gradle/internal/dsl/DefaultConfig_DecoratedCustomizer> (0x00000000dcd31bf8) thrown at [C:\re\workspace\8-2-build-windows-amd64-cygwin\jdk8u231\13620\hotspot\src\share\vm\classfile\systemDi
Event: 27.573 Thread 0x000000001af23800 Exception <a 'java/lang/ClassNotFoundException': org/gradle/api/internal/NamedDomainObjectContainerConfigureDelegateBeanInfo> (0x00000000dcecfe30) thrown at [C:\re\workspace\8-2-build-windows-amd64-cygwin\jdk8u231\13620\hotspot\src\share\vm\classfile\syst
Event: 27.575 Thread 0x000000001af23800 Exception <a 'java/lang/ClassNotFoundException': org/gradle/api/internal/NamedDomainObjectContainerConfigureDelegateCustomizer> (0x00000000dcf19048) thrown at [C:\re\workspace\8-2-build-windows-amd64-cygwin\jdk8u231\13620\hotspot\src\share\vm\classfile\sy

Events (10 events):
Event: 27.576 loading class groovy/runtime/metaclass/build_bn5e5oj66y9eaqk97h350q5yx$_run_closure1$_closure4$_closure6MetaClass
Event: 27.576 loading class groovy/runtime/metaclass/build_bn5e5oj66y9eaqk97h350q5yx$_run_closure1$_closure4$_closure6MetaClass done
Event: 27.577 loading class groovy/runtime/metaclass/org/gradle/api/internal/FactoryNamedDomainObjectContainer_DecoratedMetaClass
Event: 27.577 loading class groovy/runtime/metaclass/org/gradle/api/internal/FactoryNamedDomainObjectContainer_DecoratedMetaClass done
Event: 27.591 loading class org/gradle/api/internal/FactoryNamedDomainObjectContainer_DecoratedBeanInfo
Event: 27.591 loading class org/gradle/api/internal/FactoryNamedDomainObjectContainer_DecoratedBeanInfo done
Event: 27.592 loading class org/gradle/api/internal/FactoryNamedDomainObjectContainer_DecoratedBeanInfo
Event: 27.592 loading class org/gradle/api/internal/FactoryNamedDomainObjectContainer_DecoratedBeanInfo done
Event: 27.592 loading class org/gradle/api/internal/FactoryNamedDomainObjectContainer_DecoratedBeanInfo
Event: 27.592 loading class org/gradle/api/internal/FactoryNamedDomainObjectContainer_DecoratedBeanInfo done


Dynamic libraries:
0x00007ff7e12c0000 - 0x00007ff7e12f7000 	C:\Program Files\Java\jdk1.8.0_231\bin\java.exe
0x00007ffdbd7f0000 - 0x00007ffdbd9e5000 	C:\WINDOWS\SYSTEM32\ntdll.dll
0x00007ffdbc9a0000 - 0x00007ffdbca5d000 	C:\WINDOWS\System32\KERNEL32.DLL
0x00007ffdbb3b0000 - 0x00007ffdbb679000 	C:\WINDOWS\System32\KERNELBASE.dll
0x00007ffdbc470000 - 0x00007ffdbc51c000 	C:\WINDOWS\System32\ADVAPI32.dll
0x00007ffdbcff0000 - 0x00007ffdbd08e000 	C:\WINDOWS\System32\msvcrt.dll
0x00007ffdbd350000 - 0x00007ffdbd3eb000 	C:\WINDOWS\System32\sechost.dll
0x00007ffdbd140000 - 0x00007ffdbd26a000 	C:\WINDOWS\System32\RPCRT4.dll
0x00007ffdbc090000 - 0x00007ffdbc230000 	C:\WINDOWS\System32\USER32.dll
0x00007ffdbb680000 - 0x00007ffdbb6a2000 	C:\WINDOWS\System32\win32u.dll
0x00007ffdbd110000 - 0x00007ffdbd13a000 	C:\WINDOWS\System32\GDI32.dll
0x00007ffdbb740000 - 0x00007ffdbb84b000 	C:\WINDOWS\System32\gdi32full.dll
0x00007ffdbb260000 - 0x00007ffdbb2fd000 	C:\WINDOWS\System32\msvcp_win.dll
0x00007ffdbaf20000 - 0x00007ffdbb020000 	C:\WINDOWS\System32\ucrtbase.dll
0x00007ffdaefb0000 - 0x00007ffdaf24a000 	C:\WINDOWS\WinSxS\amd64_microsoft.windows.common-controls_6595b64144ccf1df_6.0.19041.1110_none_60b5254171f9507e\COMCTL32.dll
0x00007ffdbb850000 - 0x00007ffdbb880000 	C:\WINDOWS\System32\IMM32.DLL
0x000000006a630000 - 0x000000006a702000 	C:\Program Files\Java\jdk1.8.0_231\jre\bin\msvcr100.dll
0x0000000067200000 - 0x0000000067aa6000 	C:\Program Files\Java\jdk1.8.0_231\jre\bin\server\jvm.dll
0x00007ffdbc460000 - 0x00007ffdbc468000 	C:\WINDOWS\System32\PSAPI.DLL
0x00007ffdb0620000 - 0x00007ffdb0647000 	C:\WINDOWS\SYSTEM32\WINMM.dll
0x00007ffdb48a0000 - 0x00007ffdb48a9000 	C:\WINDOWS\SYSTEM32\WSOCK32.dll
0x00007ffdbcc90000 - 0x00007ffdbccfb000 	C:\WINDOWS\System32\WS2_32.dll
0x00007ffdb0660000 - 0x00007ffdb066a000 	C:\WINDOWS\SYSTEM32\VERSION.dll
0x00007ffd9fea0000 - 0x00007ffd9feaf000 	C:\Program Files\Java\jdk1.8.0_231\jre\bin\verify.dll
0x00007ffd83030000 - 0x00007ffd83059000 	C:\Program Files\Java\jdk1.8.0_231\jre\bin\java.dll
0x00007ffd91cf0000 - 0x00007ffd91d06000 	C:\Program Files\Java\jdk1.8.0_231\jre\bin\zip.dll
0x00007ffdbb880000 - 0x00007ffdbbfbf000 	C:\WINDOWS\System32\SHELL32.dll
0x00007ffdb9030000 - 0x00007ffdb97c0000 	C:\WINDOWS\SYSTEM32\windows.storage.dll
0x00007ffdbd3f0000 - 0x00007ffdbd745000 	C:\WINDOWS\System32\combase.dll
0x00007ffdba930000 - 0x00007ffdba95c000 	C:\WINDOWS\SYSTEM32\Wldp.dll
0x00007ffdbcf40000 - 0x00007ffdbcfee000 	C:\WINDOWS\System32\SHCORE.dll
0x00007ffdbd750000 - 0x00007ffdbd7a5000 	C:\WINDOWS\System32\shlwapi.dll
0x00007ffdbae60000 - 0x00007ffdbae7f000 	C:\WINDOWS\SYSTEM32\profapi.dll
0x00007ffd912a0000 - 0x00007ffd912ba000 	C:\Program Files\Java\jdk1.8.0_231\jre\bin\net.dll
0x00007ffdba610000 - 0x00007ffdba67a000 	C:\WINDOWS\system32\mswsock.dll
0x00007ffd808b0000 - 0x00007ffd808c2000 	C:\Program Files\Java\jdk1.8.0_231\jre\bin\nio.dll
0x00007ffd99170000 - 0x00007ffd99197000 	C:\Users\Admin\.gradle\native\f6784746aeab05261644944871eae4fe03e0ef1612fff0a4a95f87b438bc6780\windows-amd64\native-platform.dll
0x00007ffd9af80000 - 0x00007ffd9af8d000 	C:\Program Files\Java\jdk1.8.0_231\jre\bin\management.dll
0x00007ffdba860000 - 0x00007ffdba878000 	C:\WINDOWS\SYSTEM32\CRYPTSP.dll
0x00007ffdb9f90000 - 0x00007ffdb9fc4000 	C:\WINDOWS\system32\rsaenh.dll
0x00007ffdbb180000 - 0x00007ffdbb1a7000 	C:\WINDOWS\System32\bcrypt.dll
0x00007ffdbade0000 - 0x00007ffdbae0e000 	C:\WINDOWS\SYSTEM32\USERENV.dll
0x00007ffdbb6b0000 - 0x00007ffdbb733000 	C:\WINDOWS\System32\bcryptprimitives.dll
0x00007ffdba880000 - 0x00007ffdba88c000 	C:\WINDOWS\SYSTEM32\CRYPTBASE.dll
0x00007ffdba300000 - 0x00007ffdba33b000 	C:\WINDOWS\SYSTEM32\IPHLPAPI.DLL
0x00007ffdbd0a0000 - 0x00007ffdbd0a8000 	C:\WINDOWS\System32\NSI.dll
0x00007ffdb2130000 - 0x00007ffdb2147000 	C:\WINDOWS\SYSTEM32\dhcpcsvc6.DLL
0x00007ffdb2110000 - 0x00007ffdb212d000 	C:\WINDOWS\SYSTEM32\dhcpcsvc.DLL
0x00007ffdba340000 - 0x00007ffdba40c000 	C:\WINDOWS\SYSTEM32\DNSAPI.dll
0x00007ffdb2a80000 - 0x00007ffdb2a8b000 	C:\WINDOWS\SYSTEM32\WINNSI.DLL

VM Arguments:
jvm_args: -Xmx2048m -Dfile.encoding=UTF-8 -Duser.country=US -Duser.language=en -Duser.variant 
java_command: org.gradle.launcher.daemon.bootstrap.GradleDaemon 6.5
java_class_path (initial): C:\Users\Admin\.gradle\wrapper\dists\gradle-6.5-bin\6nifqtx7604sqp1q6g8wikw7p\gradle-6.5\lib\gradle-launcher-6.5.jar
Launcher Type: SUN_STANDARD

Environment Variables:
JAVA_HOME=C:\Program Files\Java\jdk1.8.0_231
CLASSPATH=.;
PATH=C:\WINDOWS\system32;C:\WINDOWS;C:\WINDOWS\System32\Wbem;C:\WINDOWS\System32\WindowsPowerShell\v1.0\C:\Program Files\Java\jdk1.8.0_231\bin;.;C:\Program Files (x86)\Microsoft SQL Server\110\Tools\Binn\;D:\SystemID\Microsoft SQL Server\110\Shared\110\Tools\Binn\;D:\SystemID\Microsoft SQL Server\110\Shared\110\DTS\Binn\;C:\Program Files (x86)\Microsoft SQL Server\110\Tools\Binn\ManagementStudio\;C:\Program Files (x86)\Microsoft SQL Server\110\DTS\Binn\;C:\WINDOWS\System32\WindowsPowerShell\v1.0\;C:\WINDOWS\System32\OpenSSH\;D:\SystemID\Microsoft SQL Server\110\Shared\130\Tools\Binn\;D:\SystemID\Microsoft SQL Server\110\Shared\Client SDK\ODBC\170\Tools\Binn\;C:\Program Files\Git\cmd;C:\Program Files\dotnet\;C:\ProgramData\chocolatey\bin;%ANDROID_HOME%;C:\Program Files (x86)\Yarn\bin\;C:\Program Files\Java\jdk1.8.0_231\bin;C:\xampp\php;C:\composer;C:\nodejs\;C:\Program Files\Microsoft VS Code\bin;C:\Program Files\Java\jdk1.8.0_231\bin;C:\Program Files\MySQL\MySQL Shell 8.0\bin\;C:\Users\Admin\AppData\Local\Programs\Python\Python38\Scripts\;C:\Users\Admin\AppData\Local\Programs\Python\Python38\;C:\Users\Admin\AppData\Local\Microsoft\WindowsApps;C:\Users\Admin\AppData\Local\Yarn\bin;C:\Users\Admin\AppData\Roaming\Composer\vendor\bin;C:\Users\Admin\AppData\Roaming\npm;C:\Users\Admin\AppData\Local\Programs\Microsoft VS Code\bin;
USERNAME=Admin
OS=Windows_NT
PROCESSOR_IDENTIFIER=Intel64 Family 6 Model 69 Stepping 1, GenuineIntel



---------------  S Y S T E M  ---------------

OS: Windows 10.0 , 64 bit Build 19041 (10.0.19041.1151)

CPU:total 4 (initial active 4) (2 cores per cpu, 2 threads per core) family 6 model 69 stepping 1, cmov, cx8, fxsr, mmx, sse, sse2, sse3, ssse3, sse4.1, sse4.2, popcnt, avx, avx2, aes, clmul, erms, lzcnt, ht, tsc, tscinvbit, bmi1, bmi2

Memory: 4k page, physical 8269256k(611856k free), swap 14413256k(0k free)

vm_info: Java HotSpot(TM) 64-Bit Server VM (25.231-b11) for windows-amd64 JRE (1.8.0_231-b11), built on Oct  5 2019 03:11:30 by "java_re" with MS VC++ 10.0 (VS2010)

time: Thu Aug 26 15:47:11 2021
timezone: SE Asia Standard Time
elapsed time: 27 seconds (0d 0h 0m 27s)

